S1N0: 2023/06/08 15:56:30 pbft.go:190: S1N0 begins listening：127.0.0.1:9000
S1N0: 2023/06/08 15:56:34 pbftOutside_module.go:49: S1N0 : has handled injected txs msg, txs: 638 
S1N0: 2023/06/08 15:56:35 messageHandle.go:28: S1N0 get sequenceLock locked, now trying to propose...
S1N0: 2023/06/08 15:56:35 messageHandle.go:35: S1N0 put the request into the pool ...
S1N0: 2023/06/08 15:56:35 messageHandle.go:90: S1N0 : received the Prepare ...
S1N0: 2023/06/08 15:56:35 messageHandle.go:90: S1N0 : received the Prepare ...
S1N0: 2023/06/08 15:56:35 messageHandle.go:121: S1N0 : is going to commit
S1N0: 2023/06/08 15:56:35 messageHandle.go:135: S1N0 : commit is broadcast
S1N0: 2023/06/08 15:56:35 messageHandle.go:90: S1N0 : received the Prepare ...
S1N0: 2023/06/08 15:56:35 messageHandle.go:147: S1N0 received the Commit from ...1
S1N0: 2023/06/08 15:56:35 messageHandle.go:147: S1N0 received the Commit from ...3
S1N0: 2023/06/08 15:56:35 messageHandle.go:159: S1N0 : has received 2f + 1 commits ... 
S1N0: 2023/06/08 15:56:35 pbftInside_module.go:59: S1N0 : adding the block 1...now height = 0 
S1N0: 2023/06/08 15:56:35 pbftInside_module.go:61: S1N0 : added the block 1... 
S1N0: 2023/06/08 15:56:35 pbftInside_module.go:66: S1N0 : main node is trying to send relay txs at height = 1 
S1N0: 2023/06/08 15:56:35 pbftInside_module.go:98: S1N0 : sended relay txs to 0
S1N0: 2023/06/08 15:56:35 pbftInside_module.go:119: S1N0 : sended excuted txs
S1N0: 2023/06/08 15:56:35 messageHandle.go:189: S1N0: this round of pbft 1 is end 
S1N0: 2023/06/08 15:56:35 messageHandle.go:194: S1N0 get sequenceLock unlocked...
S1N0: 2023/06/08 15:56:35 messageHandle.go:147: S1N0 received the Commit from ...2
S1N0: 2023/06/08 15:56:35 pbftOutside_module.go:49: S1N0 : has handled injected txs msg, txs: 401 
S1N0: 2023/06/08 15:56:36 pbftOutside_module.go:34: S1N0 : has received relay txs from shard 0, the senderSeq is 1
S1N0: 2023/06/08 15:56:36 pbftOutside_module.go:39: S1N0 : has handled relay txs msg
S1N0: 2023/06/08 15:56:36 pbftOutside_module.go:49: S1N0 : has handled injected txs msg, txs: 1532 
S1N0: 2023/06/08 15:56:37 pbftOutside_module.go:49: S1N0 : has handled injected txs msg, txs: 1043 
S1N0: 2023/06/08 15:56:38 pbftOutside_module.go:49: S1N0 : has handled injected txs msg, txs: 554 
S1N0: 2023/06/08 15:56:39 pbftOutside_module.go:49: S1N0 : has handled injected txs msg, txs: 809 
S1N0: 2023/06/08 15:56:40 messageHandle.go:28: S1N0 get sequenceLock locked, now trying to propose...
S1N0: 2023/06/08 15:56:40 messageHandle.go:35: S1N0 put the request into the pool ...
S1N0: 2023/06/08 15:56:40 messageHandle.go:90: S1N0 : received the Prepare ...
S1N0: 2023/06/08 15:56:40 messageHandle.go:90: S1N0 : received the Prepare ...
S1N0: 2023/06/08 15:56:40 messageHandle.go:121: S1N0 : is going to commit
S1N0: 2023/06/08 15:56:40 messageHandle.go:135: S1N0 : commit is broadcast
S1N0: 2023/06/08 15:56:40 messageHandle.go:90: S1N0 : received the Prepare ...
S1N0: 2023/06/08 15:56:40 messageHandle.go:147: S1N0 received the Commit from ...1
S1N0: 2023/06/08 15:56:40 messageHandle.go:147: S1N0 received the Commit from ...3
S1N0: 2023/06/08 15:56:40 messageHandle.go:159: S1N0 : has received 2f + 1 commits ... 
S1N0: 2023/06/08 15:56:40 pbftInside_module.go:59: S1N0 : adding the block 2...now height = 1 
S1N0: 2023/06/08 15:56:40 pbftInside_module.go:61: S1N0 : added the block 2... 
S1N0: 2023/06/08 15:56:40 pbftInside_module.go:66: S1N0 : main node is trying to send relay txs at height = 2 
S1N0: 2023/06/08 15:56:40 pbftInside_module.go:98: S1N0 : sended relay txs to 0
S1N0: 2023/06/08 15:56:40 pbftInside_module.go:119: S1N0 : sended excuted txs
S1N0: 2023/06/08 15:56:40 messageHandle.go:189: S1N0: this round of pbft 2 is end 
S1N0: 2023/06/08 15:56:40 messageHandle.go:194: S1N0 get sequenceLock unlocked...
S1N0: 2023/06/08 15:56:40 messageHandle.go:147: S1N0 received the Commit from ...2
S1N0: 2023/06/08 15:56:40 pbftOutside_module.go:49: S1N0 : has handled injected txs msg, txs: 1309 
S1N0: 2023/06/08 15:56:41 pbftOutside_module.go:34: S1N0 : has received relay txs from shard 0, the senderSeq is 2
S1N0: 2023/06/08 15:56:41 pbftOutside_module.go:39: S1N0 : has handled relay txs msg
S1N0: 2023/06/08 15:56:41 pbftOutside_module.go:49: S1N0 : has handled injected txs msg, txs: 1266 
S1N0: 2023/06/08 15:56:42 pbftOutside_module.go:49: S1N0 : has handled injected txs msg, txs: 1940 
S1N0: 2023/06/08 15:56:43 pbftOutside_module.go:49: S1N0 : has handled injected txs msg, txs: 1930 
S1N0: 2023/06/08 15:56:44 pbftOutside_module.go:49: S1N0 : has handled injected txs msg, txs: 784 
S1N0: 2023/06/08 15:56:45 messageHandle.go:28: S1N0 get sequenceLock locked, now trying to propose...
S1N0: 2023/06/08 15:56:45 messageHandle.go:35: S1N0 put the request into the pool ...
S1N0: 2023/06/08 15:56:45 messageHandle.go:90: S1N0 : received the Prepare ...
S1N0: 2023/06/08 15:56:45 messageHandle.go:90: S1N0 : received the Prepare ...
S1N0: 2023/06/08 15:56:45 messageHandle.go:121: S1N0 : is going to commit
S1N0: 2023/06/08 15:56:45 messageHandle.go:135: S1N0 : commit is broadcast
S1N0: 2023/06/08 15:56:45 messageHandle.go:90: S1N0 : received the Prepare ...
S1N0: 2023/06/08 15:56:45 messageHandle.go:147: S1N0 received the Commit from ...3
S1N0: 2023/06/08 15:56:45 messageHandle.go:147: S1N0 received the Commit from ...2
S1N0: 2023/06/08 15:56:45 messageHandle.go:159: S1N0 : has received 2f + 1 commits ... 
S1N0: 2023/06/08 15:56:45 pbftInside_module.go:59: S1N0 : adding the block 3...now height = 2 
S1N0: 2023/06/08 15:56:45 pbftInside_module.go:61: S1N0 : added the block 3... 
S1N0: 2023/06/08 15:56:45 pbftInside_module.go:66: S1N0 : main node is trying to send relay txs at height = 3 
S1N0: 2023/06/08 15:56:45 pbftInside_module.go:98: S1N0 : sended relay txs to 0
S1N0: 2023/06/08 15:56:45 pbftInside_module.go:119: S1N0 : sended excuted txs
S1N0: 2023/06/08 15:56:45 messageHandle.go:189: S1N0: this round of pbft 3 is end 
S1N0: 2023/06/08 15:56:45 messageHandle.go:194: S1N0 get sequenceLock unlocked...
S1N0: 2023/06/08 15:56:45 messageHandle.go:147: S1N0 received the Commit from ...1
S1N0: 2023/06/08 15:56:45 pbftOutside_module.go:49: S1N0 : has handled injected txs msg, txs: 1294 
S1N0: 2023/06/08 15:56:46 pbftOutside_module.go:34: S1N0 : has received relay txs from shard 0, the senderSeq is 3
S1N0: 2023/06/08 15:56:46 pbftOutside_module.go:39: S1N0 : has handled relay txs msg
S1N0: 2023/06/08 15:56:46 pbftOutside_module.go:49: S1N0 : has handled injected txs msg, txs: 633 
S1N0: 2023/06/08 15:56:47 pbftOutside_module.go:49: S1N0 : has handled injected txs msg, txs: 833 
S1N0: 2023/06/08 15:56:48 pbftOutside_module.go:49: S1N0 : has handled injected txs msg, txs: 1917 
S1N0: 2023/06/08 15:56:49 pbftOutside_module.go:49: S1N0 : has handled injected txs msg, txs: 1890 
S1N0: 2023/06/08 15:56:50 messageHandle.go:28: S1N0 get sequenceLock locked, now trying to propose...
S1N0: 2023/06/08 15:56:50 messageHandle.go:35: S1N0 put the request into the pool ...
S1N0: 2023/06/08 15:56:50 messageHandle.go:90: S1N0 : received the Prepare ...
S1N0: 2023/06/08 15:56:50 messageHandle.go:90: S1N0 : received the Prepare ...
S1N0: 2023/06/08 15:56:50 messageHandle.go:121: S1N0 : is going to commit
S1N0: 2023/06/08 15:56:50 messageHandle.go:135: S1N0 : commit is broadcast
S1N0: 2023/06/08 15:56:50 messageHandle.go:90: S1N0 : received the Prepare ...
S1N0: 2023/06/08 15:56:50 messageHandle.go:147: S1N0 received the Commit from ...3
S1N0: 2023/06/08 15:56:50 messageHandle.go:147: S1N0 received the Commit from ...1
S1N0: 2023/06/08 15:56:50 messageHandle.go:159: S1N0 : has received 2f + 1 commits ... 
S1N0: 2023/06/08 15:56:50 pbftInside_module.go:59: S1N0 : adding the block 4...now height = 3 
S1N0: 2023/06/08 15:56:51 pbftInside_module.go:61: S1N0 : added the block 4... 
S1N0: 2023/06/08 15:56:51 pbftInside_module.go:66: S1N0 : main node is trying to send relay txs at height = 4 
S1N0: 2023/06/08 15:56:51 pbftInside_module.go:98: S1N0 : sended relay txs to 0
S1N0: 2023/06/08 15:56:51 pbftInside_module.go:119: S1N0 : sended excuted txs
S1N0: 2023/06/08 15:56:51 messageHandle.go:189: S1N0: this round of pbft 4 is end 
S1N0: 2023/06/08 15:56:51 messageHandle.go:194: S1N0 get sequenceLock unlocked...
S1N0: 2023/06/08 15:56:51 messageHandle.go:147: S1N0 received the Commit from ...2
S1N0: 2023/06/08 15:56:51 pbftOutside_module.go:49: S1N0 : has handled injected txs msg, txs: 1955 
S1N0: 2023/06/08 15:56:51 pbftOutside_module.go:34: S1N0 : has received relay txs from shard 0, the senderSeq is 4
S1N0: 2023/06/08 15:56:51 pbftOutside_module.go:39: S1N0 : has handled relay txs msg
S1N0: 2023/06/08 15:56:51 pbftOutside_module.go:49: S1N0 : has handled injected txs msg, txs: 1077 
S1N0: 2023/06/08 15:56:52 pbftOutside_module.go:49: S1N0 : has handled injected txs msg, txs: 370 
S1N0: 2023/06/08 15:56:53 pbftOutside_module.go:49: S1N0 : has handled injected txs msg, txs: 344 
S1N0: 2023/06/08 15:56:54 pbftOutside_module.go:49: S1N0 : has handled injected txs msg, txs: 1300 
S1N0: 2023/06/08 15:56:55 messageHandle.go:28: S1N0 get sequenceLock locked, now trying to propose...
S1N0: 2023/06/08 15:56:55 messageHandle.go:35: S1N0 put the request into the pool ...
S1N0: 2023/06/08 15:56:55 messageHandle.go:90: S1N0 : received the Prepare ...
S1N0: 2023/06/08 15:56:55 messageHandle.go:90: S1N0 : received the Prepare ...
S1N0: 2023/06/08 15:56:55 messageHandle.go:121: S1N0 : is going to commit
S1N0: 2023/06/08 15:56:55 messageHandle.go:135: S1N0 : commit is broadcast
S1N0: 2023/06/08 15:56:55 messageHandle.go:147: S1N0 received the Commit from ...2
S1N0: 2023/06/08 15:56:55 messageHandle.go:90: S1N0 : received the Prepare ...
S1N0: 2023/06/08 15:56:55 messageHandle.go:147: S1N0 received the Commit from ...1
S1N0: 2023/06/08 15:56:55 messageHandle.go:159: S1N0 : has received 2f + 1 commits ... 
S1N0: 2023/06/08 15:56:55 pbftInside_module.go:59: S1N0 : adding the block 5...now height = 4 
S1N0: 2023/06/08 15:56:56 pbftInside_module.go:61: S1N0 : added the block 5... 
S1N0: 2023/06/08 15:56:56 pbftInside_module.go:66: S1N0 : main node is trying to send relay txs at height = 5 
S1N0: 2023/06/08 15:56:56 pbftInside_module.go:98: S1N0 : sended relay txs to 0
S1N0: 2023/06/08 15:56:56 pbftInside_module.go:119: S1N0 : sended excuted txs
S1N0: 2023/06/08 15:56:56 messageHandle.go:189: S1N0: this round of pbft 5 is end 
S1N0: 2023/06/08 15:56:56 messageHandle.go:194: S1N0 get sequenceLock unlocked...
S1N0: 2023/06/08 15:56:56 messageHandle.go:147: S1N0 received the Commit from ...3
S1N0: 2023/06/08 15:56:56 pbftOutside_module.go:49: S1N0 : has handled injected txs msg, txs: 1089 
S1N0: 2023/06/08 15:56:56 pbftOutside_module.go:34: S1N0 : has received relay txs from shard 0, the senderSeq is 5
S1N0: 2023/06/08 15:56:56 pbftOutside_module.go:39: S1N0 : has handled relay txs msg
S1N0: 2023/06/08 15:56:56 pbftOutside_module.go:49: S1N0 : has handled injected txs msg, txs: 462 
S1N0: 2023/06/08 15:56:57 pbftOutside_module.go:49: S1N0 : has handled injected txs msg, txs: 602 
S1N0: 2023/06/08 15:56:59 pbftOutside_module.go:49: S1N0 : has handled injected txs msg, txs: 1379 
S1N0: 2023/06/08 15:57:00 pbftOutside_module.go:49: S1N0 : has handled injected txs msg, txs: 514 
S1N0: 2023/06/08 15:57:00 messageHandle.go:28: S1N0 get sequenceLock locked, now trying to propose...
S1N0: 2023/06/08 15:57:00 messageHandle.go:35: S1N0 put the request into the pool ...
S1N0: 2023/06/08 15:57:00 messageHandle.go:90: S1N0 : received the Prepare ...
S1N0: 2023/06/08 15:57:00 messageHandle.go:90: S1N0 : received the Prepare ...
S1N0: 2023/06/08 15:57:00 messageHandle.go:121: S1N0 : is going to commit
S1N0: 2023/06/08 15:57:00 messageHandle.go:135: S1N0 : commit is broadcast
S1N0: 2023/06/08 15:57:00 messageHandle.go:90: S1N0 : received the Prepare ...
S1N0: 2023/06/08 15:57:00 messageHandle.go:147: S1N0 received the Commit from ...1
S1N0: 2023/06/08 15:57:00 messageHandle.go:147: S1N0 received the Commit from ...3
S1N0: 2023/06/08 15:57:00 messageHandle.go:159: S1N0 : has received 2f + 1 commits ... 
S1N0: 2023/06/08 15:57:00 pbftInside_module.go:59: S1N0 : adding the block 6...now height = 5 
S1N0: 2023/06/08 15:57:01 pbftInside_module.go:61: S1N0 : added the block 6... 
S1N0: 2023/06/08 15:57:01 pbftInside_module.go:66: S1N0 : main node is trying to send relay txs at height = 6 
S1N0: 2023/06/08 15:57:01 pbftInside_module.go:98: S1N0 : sended relay txs to 0
S1N0: 2023/06/08 15:57:01 pbftInside_module.go:119: S1N0 : sended excuted txs
S1N0: 2023/06/08 15:57:01 messageHandle.go:189: S1N0: this round of pbft 6 is end 
S1N0: 2023/06/08 15:57:01 messageHandle.go:194: S1N0 get sequenceLock unlocked...
S1N0: 2023/06/08 15:57:01 messageHandle.go:147: S1N0 received the Commit from ...2
S1N0: 2023/06/08 15:57:01 pbftOutside_module.go:49: S1N0 : has handled injected txs msg, txs: 1383 
S1N0: 2023/06/08 15:57:01 pbftOutside_module.go:34: S1N0 : has received relay txs from shard 0, the senderSeq is 6
S1N0: 2023/06/08 15:57:01 pbftOutside_module.go:39: S1N0 : has handled relay txs msg
S1N0: 2023/06/08 15:57:02 pbftOutside_module.go:49: S1N0 : has handled injected txs msg, txs: 1932 
S1N0: 2023/06/08 15:57:03 pbftOutside_module.go:49: S1N0 : has handled injected txs msg, txs: 1791 
S1N0: 2023/06/08 15:57:04 pbftOutside_module.go:49: S1N0 : has handled injected txs msg, txs: 1230 
S1N0: 2023/06/08 15:57:05 pbftOutside_module.go:49: S1N0 : has handled injected txs msg, txs: 403 
S1N0: 2023/06/08 15:57:05 messageHandle.go:28: S1N0 get sequenceLock locked, now trying to propose...
S1N0: 2023/06/08 15:57:05 messageHandle.go:35: S1N0 put the request into the pool ...
S1N0: 2023/06/08 15:57:05 messageHandle.go:90: S1N0 : received the Prepare ...
S1N0: 2023/06/08 15:57:05 messageHandle.go:90: S1N0 : received the Prepare ...
S1N0: 2023/06/08 15:57:05 messageHandle.go:121: S1N0 : is going to commit
S1N0: 2023/06/08 15:57:05 messageHandle.go:135: S1N0 : commit is broadcast
S1N0: 2023/06/08 15:57:05 messageHandle.go:90: S1N0 : received the Prepare ...
S1N0: 2023/06/08 15:57:05 messageHandle.go:147: S1N0 received the Commit from ...2
S1N0: 2023/06/08 15:57:05 messageHandle.go:147: S1N0 received the Commit from ...1
S1N0: 2023/06/08 15:57:05 messageHandle.go:159: S1N0 : has received 2f + 1 commits ... 
S1N0: 2023/06/08 15:57:05 pbftInside_module.go:59: S1N0 : adding the block 7...now height = 6 
S1N0: 2023/06/08 15:57:06 pbftInside_module.go:61: S1N0 : added the block 7... 
S1N0: 2023/06/08 15:57:06 pbftInside_module.go:66: S1N0 : main node is trying to send relay txs at height = 7 
S1N0: 2023/06/08 15:57:06 pbftInside_module.go:98: S1N0 : sended relay txs to 0
S1N0: 2023/06/08 15:57:06 pbftInside_module.go:119: S1N0 : sended excuted txs
S1N0: 2023/06/08 15:57:06 messageHandle.go:189: S1N0: this round of pbft 7 is end 
S1N0: 2023/06/08 15:57:06 messageHandle.go:194: S1N0 get sequenceLock unlocked...
S1N0: 2023/06/08 15:57:06 messageHandle.go:147: S1N0 received the Commit from ...3
S1N0: 2023/06/08 15:57:06 pbftOutside_module.go:49: S1N0 : has handled injected txs msg, txs: 470 
S1N0: 2023/06/08 15:57:06 pbftOutside_module.go:34: S1N0 : has received relay txs from shard 0, the senderSeq is 7
S1N0: 2023/06/08 15:57:06 pbftOutside_module.go:39: S1N0 : has handled relay txs msg
S1N0: 2023/06/08 15:57:07 pbftOutside_module.go:49: S1N0 : has handled injected txs msg, txs: 621 
S1N0: 2023/06/08 15:57:08 pbftOutside_module.go:49: S1N0 : has handled injected txs msg, txs: 1233 
S1N0: 2023/06/08 15:57:09 pbftOutside_module.go:49: S1N0 : has handled injected txs msg, txs: 514 
S1N0: 2023/06/08 15:57:10 pbftOutside_module.go:49: S1N0 : has handled injected txs msg, txs: 442 
S1N0: 2023/06/08 15:57:10 messageHandle.go:28: S1N0 get sequenceLock locked, now trying to propose...
S1N0: 2023/06/08 15:57:10 messageHandle.go:35: S1N0 put the request into the pool ...
S1N0: 2023/06/08 15:57:10 messageHandle.go:90: S1N0 : received the Prepare ...
S1N0: 2023/06/08 15:57:10 messageHandle.go:90: S1N0 : received the Prepare ...
S1N0: 2023/06/08 15:57:10 messageHandle.go:121: S1N0 : is going to commit
S1N0: 2023/06/08 15:57:10 messageHandle.go:135: S1N0 : commit is broadcast
S1N0: 2023/06/08 15:57:10 messageHandle.go:90: S1N0 : received the Prepare ...
S1N0: 2023/06/08 15:57:10 messageHandle.go:147: S1N0 received the Commit from ...1
S1N0: 2023/06/08 15:57:10 messageHandle.go:147: S1N0 received the Commit from ...3
S1N0: 2023/06/08 15:57:10 messageHandle.go:159: S1N0 : has received 2f + 1 commits ... 
S1N0: 2023/06/08 15:57:10 pbftInside_module.go:59: S1N0 : adding the block 8...now height = 7 
S1N0: 2023/06/08 15:57:12 pbftInside_module.go:61: S1N0 : added the block 8... 
S1N0: 2023/06/08 15:57:12 pbftInside_module.go:66: S1N0 : main node is trying to send relay txs at height = 8 
S1N0: 2023/06/08 15:57:12 pbftInside_module.go:98: S1N0 : sended relay txs to 0
S1N0: 2023/06/08 15:57:12 pbftInside_module.go:119: S1N0 : sended excuted txs
S1N0: 2023/06/08 15:57:12 messageHandle.go:189: S1N0: this round of pbft 8 is end 
S1N0: 2023/06/08 15:57:12 messageHandle.go:194: S1N0 get sequenceLock unlocked...
S1N0: 2023/06/08 15:57:12 messageHandle.go:147: S1N0 received the Commit from ...2
S1N0: 2023/06/08 15:57:12 pbftOutside_module.go:49: S1N0 : has handled injected txs msg, txs: 1327 
S1N0: 2023/06/08 15:57:12 pbftOutside_module.go:34: S1N0 : has received relay txs from shard 0, the senderSeq is 8
S1N0: 2023/06/08 15:57:12 pbftOutside_module.go:39: S1N0 : has handled relay txs msg
S1N0: 2023/06/08 15:57:12 pbftOutside_module.go:49: S1N0 : has handled injected txs msg, txs: 1221 
S1N0: 2023/06/08 15:57:13 pbftOutside_module.go:49: S1N0 : has handled injected txs msg, txs: 500 
S1N0: 2023/06/08 15:57:14 pbftOutside_module.go:49: S1N0 : has handled injected txs msg, txs: 569 
S1N0: 2023/06/08 15:57:15 pbftOutside_module.go:49: S1N0 : has handled injected txs msg, txs: 1467 
S1N0: 2023/06/08 15:57:15 messageHandle.go:28: S1N0 get sequenceLock locked, now trying to propose...
S1N0: 2023/06/08 15:57:15 messageHandle.go:35: S1N0 put the request into the pool ...
S1N0: 2023/06/08 15:57:15 messageHandle.go:90: S1N0 : received the Prepare ...
S1N0: 2023/06/08 15:57:15 messageHandle.go:90: S1N0 : received the Prepare ...
S1N0: 2023/06/08 15:57:15 messageHandle.go:121: S1N0 : is going to commit
S1N0: 2023/06/08 15:57:15 messageHandle.go:135: S1N0 : commit is broadcast
S1N0: 2023/06/08 15:57:16 messageHandle.go:90: S1N0 : received the Prepare ...
S1N0: 2023/06/08 15:57:16 messageHandle.go:147: S1N0 received the Commit from ...1
S1N0: 2023/06/08 15:57:16 messageHandle.go:147: S1N0 received the Commit from ...3
S1N0: 2023/06/08 15:57:16 messageHandle.go:159: S1N0 : has received 2f + 1 commits ... 
S1N0: 2023/06/08 15:57:16 pbftInside_module.go:59: S1N0 : adding the block 9...now height = 8 
S1N0: 2023/06/08 15:57:16 pbftInside_module.go:61: S1N0 : added the block 9... 
S1N0: 2023/06/08 15:57:16 pbftInside_module.go:66: S1N0 : main node is trying to send relay txs at height = 9 
S1N0: 2023/06/08 15:57:16 pbftInside_module.go:98: S1N0 : sended relay txs to 0
S1N0: 2023/06/08 15:57:16 pbftInside_module.go:119: S1N0 : sended excuted txs
S1N0: 2023/06/08 15:57:16 messageHandle.go:189: S1N0: this round of pbft 9 is end 
S1N0: 2023/06/08 15:57:16 messageHandle.go:194: S1N0 get sequenceLock unlocked...
S1N0: 2023/06/08 15:57:16 messageHandle.go:147: S1N0 received the Commit from ...2
S1N0: 2023/06/08 15:57:16 pbftOutside_module.go:49: S1N0 : has handled injected txs msg, txs: 405 
S1N0: 2023/06/08 15:57:16 pbftOutside_module.go:34: S1N0 : has received relay txs from shard 0, the senderSeq is 9
S1N0: 2023/06/08 15:57:16 pbftOutside_module.go:39: S1N0 : has handled relay txs msg
S1N0: 2023/06/08 15:57:17 pbftOutside_module.go:49: S1N0 : has handled injected txs msg, txs: 456 
S1N0: 2023/06/08 15:57:18 pbftOutside_module.go:49: S1N0 : has handled injected txs msg, txs: 1308 
S1N0: 2023/06/08 15:57:19 pbftOutside_module.go:49: S1N0 : has handled injected txs msg, txs: 457 
S1N0: 2023/06/08 15:57:20 pbftOutside_module.go:49: S1N0 : has handled injected txs msg, txs: 623 
S1N0: 2023/06/08 15:57:20 messageHandle.go:28: S1N0 get sequenceLock locked, now trying to propose...
S1N0: 2023/06/08 15:57:21 messageHandle.go:35: S1N0 put the request into the pool ...
S1N0: 2023/06/08 15:57:21 messageHandle.go:90: S1N0 : received the Prepare ...
S1N0: 2023/06/08 15:57:21 messageHandle.go:90: S1N0 : received the Prepare ...
S1N0: 2023/06/08 15:57:21 messageHandle.go:121: S1N0 : is going to commit
S1N0: 2023/06/08 15:57:21 messageHandle.go:135: S1N0 : commit is broadcast
S1N0: 2023/06/08 15:57:21 messageHandle.go:90: S1N0 : received the Prepare ...
S1N0: 2023/06/08 15:57:21 messageHandle.go:147: S1N0 received the Commit from ...3
S1N0: 2023/06/08 15:57:21 messageHandle.go:147: S1N0 received the Commit from ...1
S1N0: 2023/06/08 15:57:21 messageHandle.go:159: S1N0 : has received 2f + 1 commits ... 
S1N0: 2023/06/08 15:57:21 pbftInside_module.go:59: S1N0 : adding the block 10...now height = 9 
S1N0: 2023/06/08 15:57:21 pbftInside_module.go:61: S1N0 : added the block 10... 
S1N0: 2023/06/08 15:57:21 pbftInside_module.go:66: S1N0 : main node is trying to send relay txs at height = 10 
S1N0: 2023/06/08 15:57:21 pbftInside_module.go:98: S1N0 : sended relay txs to 0
S1N0: 2023/06/08 15:57:21 pbftInside_module.go:119: S1N0 : sended excuted txs
S1N0: 2023/06/08 15:57:21 messageHandle.go:189: S1N0: this round of pbft 10 is end 
S1N0: 2023/06/08 15:57:21 messageHandle.go:194: S1N0 get sequenceLock unlocked...
S1N0: 2023/06/08 15:57:21 messageHandle.go:147: S1N0 received the Commit from ...2
S1N0: 2023/06/08 15:57:21 pbftOutside_module.go:49: S1N0 : has handled injected txs msg, txs: 1354 
S1N0: 2023/06/08 15:57:22 pbftOutside_module.go:34: S1N0 : has received relay txs from shard 0, the senderSeq is 10
S1N0: 2023/06/08 15:57:22 pbftOutside_module.go:39: S1N0 : has handled relay txs msg
S1N0: 2023/06/08 15:57:22 pbftOutside_module.go:49: S1N0 : has handled injected txs msg, txs: 1691 
S1N0: 2023/06/08 15:57:23 pbftOutside_module.go:49: S1N0 : has handled injected txs msg, txs: 1926 
S1N0: 2023/06/08 15:57:24 pbftOutside_module.go:49: S1N0 : has handled injected txs msg, txs: 1860 
S1N0: 2023/06/08 15:57:26 messageHandle.go:28: S1N0 get sequenceLock locked, now trying to propose...
S1N0: 2023/06/08 15:57:26 messageHandle.go:35: S1N0 put the request into the pool ...
S1N0: 2023/06/08 15:57:26 messageHandle.go:90: S1N0 : received the Prepare ...
S1N0: 2023/06/08 15:57:26 messageHandle.go:90: S1N0 : received the Prepare ...
S1N0: 2023/06/08 15:57:26 messageHandle.go:121: S1N0 : is going to commit
S1N0: 2023/06/08 15:57:26 messageHandle.go:135: S1N0 : commit is broadcast
S1N0: 2023/06/08 15:57:26 messageHandle.go:90: S1N0 : received the Prepare ...
S1N0: 2023/06/08 15:57:26 messageHandle.go:147: S1N0 received the Commit from ...1
S1N0: 2023/06/08 15:57:26 messageHandle.go:147: S1N0 received the Commit from ...3
S1N0: 2023/06/08 15:57:26 messageHandle.go:159: S1N0 : has received 2f + 1 commits ... 
S1N0: 2023/06/08 15:57:26 pbftInside_module.go:59: S1N0 : adding the block 11...now height = 10 
S1N0: 2023/06/08 15:57:26 pbftInside_module.go:61: S1N0 : added the block 11... 
S1N0: 2023/06/08 15:57:26 pbftInside_module.go:66: S1N0 : main node is trying to send relay txs at height = 11 
S1N0: 2023/06/08 15:57:26 pbftInside_module.go:98: S1N0 : sended relay txs to 0
S1N0: 2023/06/08 15:57:26 pbftInside_module.go:119: S1N0 : sended excuted txs
S1N0: 2023/06/08 15:57:26 messageHandle.go:189: S1N0: this round of pbft 11 is end 
S1N0: 2023/06/08 15:57:26 messageHandle.go:194: S1N0 get sequenceLock unlocked...
S1N0: 2023/06/08 15:57:26 messageHandle.go:147: S1N0 received the Commit from ...2
S1N0: 2023/06/08 15:57:27 pbftOutside_module.go:34: S1N0 : has received relay txs from shard 0, the senderSeq is 11
S1N0: 2023/06/08 15:57:27 pbftOutside_module.go:39: S1N0 : has handled relay txs msg
S1N0: 2023/06/08 15:57:31 messageHandle.go:28: S1N0 get sequenceLock locked, now trying to propose...
S1N0: 2023/06/08 15:57:31 messageHandle.go:35: S1N0 put the request into the pool ...
S1N0: 2023/06/08 15:57:31 messageHandle.go:90: S1N0 : received the Prepare ...
S1N0: 2023/06/08 15:57:31 messageHandle.go:90: S1N0 : received the Prepare ...
S1N0: 2023/06/08 15:57:31 messageHandle.go:121: S1N0 : is going to commit
S1N0: 2023/06/08 15:57:31 messageHandle.go:135: S1N0 : commit is broadcast
S1N0: 2023/06/08 15:57:31 messageHandle.go:90: S1N0 : received the Prepare ...
S1N0: 2023/06/08 15:57:31 messageHandle.go:147: S1N0 received the Commit from ...3
S1N0: 2023/06/08 15:57:31 messageHandle.go:147: S1N0 received the Commit from ...2
S1N0: 2023/06/08 15:57:31 messageHandle.go:159: S1N0 : has received 2f + 1 commits ... 
S1N0: 2023/06/08 15:57:31 pbftInside_module.go:59: S1N0 : adding the block 12...now height = 11 
S1N0: 2023/06/08 15:57:31 pbftInside_module.go:61: S1N0 : added the block 12... 
S1N0: 2023/06/08 15:57:31 pbftInside_module.go:66: S1N0 : main node is trying to send relay txs at height = 12 
S1N0: 2023/06/08 15:57:31 pbftInside_module.go:98: S1N0 : sended relay txs to 0
S1N0: 2023/06/08 15:57:31 pbftInside_module.go:119: S1N0 : sended excuted txs
S1N0: 2023/06/08 15:57:31 messageHandle.go:189: S1N0: this round of pbft 12 is end 
S1N0: 2023/06/08 15:57:31 messageHandle.go:194: S1N0 get sequenceLock unlocked...
S1N0: 2023/06/08 15:57:31 messageHandle.go:147: S1N0 received the Commit from ...1
S1N0: 2023/06/08 15:57:32 pbftOutside_module.go:34: S1N0 : has received relay txs from shard 0, the senderSeq is 12
S1N0: 2023/06/08 15:57:32 pbftOutside_module.go:39: S1N0 : has handled relay txs msg
S1N0: 2023/06/08 15:57:36 messageHandle.go:28: S1N0 get sequenceLock locked, now trying to propose...
S1N0: 2023/06/08 15:57:36 messageHandle.go:35: S1N0 put the request into the pool ...
S1N0: 2023/06/08 15:57:36 messageHandle.go:90: S1N0 : received the Prepare ...
S1N0: 2023/06/08 15:57:36 messageHandle.go:90: S1N0 : received the Prepare ...
S1N0: 2023/06/08 15:57:36 messageHandle.go:121: S1N0 : is going to commit
S1N0: 2023/06/08 15:57:36 messageHandle.go:135: S1N0 : commit is broadcast
S1N0: 2023/06/08 15:57:36 messageHandle.go:90: S1N0 : received the Prepare ...
S1N0: 2023/06/08 15:57:36 messageHandle.go:147: S1N0 received the Commit from ...3
S1N0: 2023/06/08 15:57:36 messageHandle.go:147: S1N0 received the Commit from ...2
S1N0: 2023/06/08 15:57:36 messageHandle.go:159: S1N0 : has received 2f + 1 commits ... 
S1N0: 2023/06/08 15:57:36 pbftInside_module.go:59: S1N0 : adding the block 13...now height = 12 
S1N0: 2023/06/08 15:57:36 pbftInside_module.go:61: S1N0 : added the block 13... 
S1N0: 2023/06/08 15:57:36 pbftInside_module.go:66: S1N0 : main node is trying to send relay txs at height = 13 
S1N0: 2023/06/08 15:57:36 pbftInside_module.go:98: S1N0 : sended relay txs to 0
S1N0: 2023/06/08 15:57:36 pbftInside_module.go:119: S1N0 : sended excuted txs
S1N0: 2023/06/08 15:57:36 messageHandle.go:189: S1N0: this round of pbft 13 is end 
S1N0: 2023/06/08 15:57:36 messageHandle.go:194: S1N0 get sequenceLock unlocked...
S1N0: 2023/06/08 15:57:36 messageHandle.go:147: S1N0 received the Commit from ...1
S1N0: 2023/06/08 15:57:37 pbftOutside_module.go:34: S1N0 : has received relay txs from shard 0, the senderSeq is 13
S1N0: 2023/06/08 15:57:37 pbftOutside_module.go:39: S1N0 : has handled relay txs msg
S1N0: 2023/06/08 15:57:41 messageHandle.go:28: S1N0 get sequenceLock locked, now trying to propose...
S1N0: 2023/06/08 15:57:41 messageHandle.go:35: S1N0 put the request into the pool ...
S1N0: 2023/06/08 15:57:41 messageHandle.go:90: S1N0 : received the Prepare ...
S1N0: 2023/06/08 15:57:41 messageHandle.go:90: S1N0 : received the Prepare ...
S1N0: 2023/06/08 15:57:41 messageHandle.go:121: S1N0 : is going to commit
S1N0: 2023/06/08 15:57:41 messageHandle.go:135: S1N0 : commit is broadcast
S1N0: 2023/06/08 15:57:41 messageHandle.go:90: S1N0 : received the Prepare ...
S1N0: 2023/06/08 15:57:41 messageHandle.go:147: S1N0 received the Commit from ...2
S1N0: 2023/06/08 15:57:41 messageHandle.go:147: S1N0 received the Commit from ...3
S1N0: 2023/06/08 15:57:41 messageHandle.go:159: S1N0 : has received 2f + 1 commits ... 
S1N0: 2023/06/08 15:57:41 pbftInside_module.go:59: S1N0 : adding the block 14...now height = 13 
S1N0: 2023/06/08 15:57:41 pbftInside_module.go:61: S1N0 : added the block 14... 
S1N0: 2023/06/08 15:57:41 pbftInside_module.go:66: S1N0 : main node is trying to send relay txs at height = 14 
S1N0: 2023/06/08 15:57:41 pbftInside_module.go:98: S1N0 : sended relay txs to 0
S1N0: 2023/06/08 15:57:41 pbftInside_module.go:119: S1N0 : sended excuted txs
S1N0: 2023/06/08 15:57:41 messageHandle.go:189: S1N0: this round of pbft 14 is end 
S1N0: 2023/06/08 15:57:41 messageHandle.go:194: S1N0 get sequenceLock unlocked...
S1N0: 2023/06/08 15:57:41 messageHandle.go:147: S1N0 received the Commit from ...1
S1N0: 2023/06/08 15:57:42 pbftOutside_module.go:34: S1N0 : has received relay txs from shard 0, the senderSeq is 14
S1N0: 2023/06/08 15:57:42 pbftOutside_module.go:39: S1N0 : has handled relay txs msg
S1N0: 2023/06/08 15:57:46 messageHandle.go:28: S1N0 get sequenceLock locked, now trying to propose...
S1N0: 2023/06/08 15:57:46 messageHandle.go:35: S1N0 put the request into the pool ...
S1N0: 2023/06/08 15:57:46 messageHandle.go:90: S1N0 : received the Prepare ...
S1N0: 2023/06/08 15:57:46 messageHandle.go:90: S1N0 : received the Prepare ...
S1N0: 2023/06/08 15:57:46 messageHandle.go:121: S1N0 : is going to commit
S1N0: 2023/06/08 15:57:46 messageHandle.go:135: S1N0 : commit is broadcast
S1N0: 2023/06/08 15:57:46 messageHandle.go:90: S1N0 : received the Prepare ...
S1N0: 2023/06/08 15:57:46 messageHandle.go:147: S1N0 received the Commit from ...1
S1N0: 2023/06/08 15:57:46 messageHandle.go:147: S1N0 received the Commit from ...2
S1N0: 2023/06/08 15:57:46 messageHandle.go:159: S1N0 : has received 2f + 1 commits ... 
S1N0: 2023/06/08 15:57:46 pbftInside_module.go:59: S1N0 : adding the block 15...now height = 14 
S1N0: 2023/06/08 15:57:48 pbftInside_module.go:61: S1N0 : added the block 15... 
S1N0: 2023/06/08 15:57:48 pbftInside_module.go:66: S1N0 : main node is trying to send relay txs at height = 15 
S1N0: 2023/06/08 15:57:48 pbftInside_module.go:98: S1N0 : sended relay txs to 0
S1N0: 2023/06/08 15:57:48 pbftInside_module.go:119: S1N0 : sended excuted txs
S1N0: 2023/06/08 15:57:48 messageHandle.go:189: S1N0: this round of pbft 15 is end 
S1N0: 2023/06/08 15:57:48 messageHandle.go:194: S1N0 get sequenceLock unlocked...
S1N0: 2023/06/08 15:57:48 messageHandle.go:147: S1N0 received the Commit from ...3
S1N0: 2023/06/08 15:57:48 pbftOutside_module.go:34: S1N0 : has received relay txs from shard 0, the senderSeq is 15
S1N0: 2023/06/08 15:57:48 pbftOutside_module.go:39: S1N0 : has handled relay txs msg
S1N0: 2023/06/08 15:57:51 messageHandle.go:28: S1N0 get sequenceLock locked, now trying to propose...
S1N0: 2023/06/08 15:57:51 messageHandle.go:35: S1N0 put the request into the pool ...
S1N0: 2023/06/08 15:57:51 messageHandle.go:90: S1N0 : received the Prepare ...
S1N0: 2023/06/08 15:57:51 messageHandle.go:90: S1N0 : received the Prepare ...
S1N0: 2023/06/08 15:57:51 messageHandle.go:121: S1N0 : is going to commit
S1N0: 2023/06/08 15:57:51 messageHandle.go:135: S1N0 : commit is broadcast
S1N0: 2023/06/08 15:57:51 messageHandle.go:147: S1N0 received the Commit from ...2
S1N0: 2023/06/08 15:57:51 messageHandle.go:147: S1N0 received the Commit from ...1
S1N0: 2023/06/08 15:57:51 messageHandle.go:159: S1N0 : has received 2f + 1 commits ... 
S1N0: 2023/06/08 15:57:51 pbftInside_module.go:59: S1N0 : adding the block 16...now height = 15 
S1N0: 2023/06/08 15:57:52 pbftInside_module.go:61: S1N0 : added the block 16... 
S1N0: 2023/06/08 15:57:52 pbftInside_module.go:66: S1N0 : main node is trying to send relay txs at height = 16 
S1N0: 2023/06/08 15:57:52 pbftInside_module.go:98: S1N0 : sended relay txs to 0
S1N0: 2023/06/08 15:57:52 pbftInside_module.go:119: S1N0 : sended excuted txs
S1N0: 2023/06/08 15:57:52 messageHandle.go:189: S1N0: this round of pbft 16 is end 
S1N0: 2023/06/08 15:57:52 messageHandle.go:194: S1N0 get sequenceLock unlocked...
S1N0: 2023/06/08 15:57:52 messageHandle.go:90: S1N0 : received the Prepare ...
S1N0: 2023/06/08 15:57:52 messageHandle.go:101: S1N0 : inconsistent sequence ID, refuse to commit
S1N0: 2023/06/08 15:57:52 messageHandle.go:147: S1N0 received the Commit from ...3
S1N0: 2023/06/08 15:57:52 pbftOutside_module.go:34: S1N0 : has received relay txs from shard 0, the senderSeq is 16
S1N0: 2023/06/08 15:57:52 pbftOutside_module.go:39: S1N0 : has handled relay txs msg
S1N0: 2023/06/08 15:57:56 messageHandle.go:28: S1N0 get sequenceLock locked, now trying to propose...
S1N0: 2023/06/08 15:57:56 messageHandle.go:35: S1N0 put the request into the pool ...
S1N0: 2023/06/08 15:57:56 messageHandle.go:90: S1N0 : received the Prepare ...
S1N0: 2023/06/08 15:57:56 messageHandle.go:90: S1N0 : received the Prepare ...
S1N0: 2023/06/08 15:57:56 messageHandle.go:121: S1N0 : is going to commit
S1N0: 2023/06/08 15:57:56 messageHandle.go:135: S1N0 : commit is broadcast
S1N0: 2023/06/08 15:57:56 messageHandle.go:90: S1N0 : received the Prepare ...
S1N0: 2023/06/08 15:57:56 messageHandle.go:147: S1N0 received the Commit from ...3
S1N0: 2023/06/08 15:57:56 messageHandle.go:147: S1N0 received the Commit from ...1
S1N0: 2023/06/08 15:57:56 messageHandle.go:159: S1N0 : has received 2f + 1 commits ... 
S1N0: 2023/06/08 15:57:56 pbftInside_module.go:59: S1N0 : adding the block 17...now height = 16 
S1N0: 2023/06/08 15:57:57 pbftInside_module.go:61: S1N0 : added the block 17... 
S1N0: 2023/06/08 15:57:57 pbftInside_module.go:66: S1N0 : main node is trying to send relay txs at height = 17 
S1N0: 2023/06/08 15:57:57 pbftInside_module.go:98: S1N0 : sended relay txs to 0
S1N0: 2023/06/08 15:57:57 pbftInside_module.go:119: S1N0 : sended excuted txs
S1N0: 2023/06/08 15:57:57 messageHandle.go:189: S1N0: this round of pbft 17 is end 
S1N0: 2023/06/08 15:57:57 messageHandle.go:194: S1N0 get sequenceLock unlocked...
S1N0: 2023/06/08 15:57:57 messageHandle.go:147: S1N0 received the Commit from ...2
S1N0: 2023/06/08 15:57:57 pbftOutside_module.go:34: S1N0 : has received relay txs from shard 0, the senderSeq is 17
S1N0: 2023/06/08 15:57:57 pbftOutside_module.go:39: S1N0 : has handled relay txs msg
S1N0: 2023/06/08 15:58:01 messageHandle.go:28: S1N0 get sequenceLock locked, now trying to propose...
S1N0: 2023/06/08 15:58:01 messageHandle.go:35: S1N0 put the request into the pool ...
S1N0: 2023/06/08 15:58:01 messageHandle.go:90: S1N0 : received the Prepare ...
S1N0: 2023/06/08 15:58:01 messageHandle.go:90: S1N0 : received the Prepare ...
S1N0: 2023/06/08 15:58:01 messageHandle.go:121: S1N0 : is going to commit
S1N0: 2023/06/08 15:58:01 messageHandle.go:135: S1N0 : commit is broadcast
S1N0: 2023/06/08 15:58:01 messageHandle.go:90: S1N0 : received the Prepare ...
S1N0: 2023/06/08 15:58:01 messageHandle.go:147: S1N0 received the Commit from ...3
S1N0: 2023/06/08 15:58:01 messageHandle.go:147: S1N0 received the Commit from ...2
S1N0: 2023/06/08 15:58:01 messageHandle.go:159: S1N0 : has received 2f + 1 commits ... 
S1N0: 2023/06/08 15:58:01 pbftInside_module.go:59: S1N0 : adding the block 18...now height = 17 
S1N0: 2023/06/08 15:58:02 pbftInside_module.go:61: S1N0 : added the block 18... 
S1N0: 2023/06/08 15:58:02 pbftInside_module.go:66: S1N0 : main node is trying to send relay txs at height = 18 
S1N0: 2023/06/08 15:58:02 pbftInside_module.go:98: S1N0 : sended relay txs to 0
S1N0: 2023/06/08 15:58:02 pbftInside_module.go:119: S1N0 : sended excuted txs
S1N0: 2023/06/08 15:58:02 messageHandle.go:189: S1N0: this round of pbft 18 is end 
S1N0: 2023/06/08 15:58:02 messageHandle.go:194: S1N0 get sequenceLock unlocked...
S1N0: 2023/06/08 15:58:02 messageHandle.go:147: S1N0 received the Commit from ...1
S1N0: 2023/06/08 15:58:02 pbftOutside_module.go:34: S1N0 : has received relay txs from shard 0, the senderSeq is 18
S1N0: 2023/06/08 15:58:02 pbftOutside_module.go:39: S1N0 : has handled relay txs msg
S1N0: 2023/06/08 15:58:06 messageHandle.go:28: S1N0 get sequenceLock locked, now trying to propose...
S1N0: 2023/06/08 15:58:07 messageHandle.go:35: S1N0 put the request into the pool ...
S1N0: 2023/06/08 15:58:07 messageHandle.go:90: S1N0 : received the Prepare ...
S1N0: 2023/06/08 15:58:07 messageHandle.go:90: S1N0 : received the Prepare ...
S1N0: 2023/06/08 15:58:07 messageHandle.go:121: S1N0 : is going to commit
S1N0: 2023/06/08 15:58:07 messageHandle.go:135: S1N0 : commit is broadcast
S1N0: 2023/06/08 15:58:07 messageHandle.go:147: S1N0 received the Commit from ...1
S1N0: 2023/06/08 15:58:07 messageHandle.go:147: S1N0 received the Commit from ...2
S1N0: 2023/06/08 15:58:07 messageHandle.go:159: S1N0 : has received 2f + 1 commits ... 
S1N0: 2023/06/08 15:58:07 pbftInside_module.go:59: S1N0 : adding the block 19...now height = 18 
S1N0: 2023/06/08 15:58:07 pbftInside_module.go:61: S1N0 : added the block 19... 
S1N0: 2023/06/08 15:58:07 pbftInside_module.go:66: S1N0 : main node is trying to send relay txs at height = 19 
S1N0: 2023/06/08 15:58:07 pbftInside_module.go:98: S1N0 : sended relay txs to 0
S1N0: 2023/06/08 15:58:07 pbftInside_module.go:119: S1N0 : sended excuted txs
S1N0: 2023/06/08 15:58:07 messageHandle.go:189: S1N0: this round of pbft 19 is end 
S1N0: 2023/06/08 15:58:07 messageHandle.go:194: S1N0 get sequenceLock unlocked...
S1N0: 2023/06/08 15:58:07 messageHandle.go:90: S1N0 : received the Prepare ...
S1N0: 2023/06/08 15:58:07 messageHandle.go:101: S1N0 : inconsistent sequence ID, refuse to commit
S1N0: 2023/06/08 15:58:07 messageHandle.go:147: S1N0 received the Commit from ...3
S1N0: 2023/06/08 15:58:08 pbftOutside_module.go:34: S1N0 : has received relay txs from shard 0, the senderSeq is 19
S1N0: 2023/06/08 15:58:08 pbftOutside_module.go:39: S1N0 : has handled relay txs msg
S1N0: 2023/06/08 15:58:12 messageHandle.go:28: S1N0 get sequenceLock locked, now trying to propose...
S1N0: 2023/06/08 15:58:12 messageHandle.go:35: S1N0 put the request into the pool ...
S1N0: 2023/06/08 15:58:12 messageHandle.go:90: S1N0 : received the Prepare ...
S1N0: 2023/06/08 15:58:12 messageHandle.go:90: S1N0 : received the Prepare ...
S1N0: 2023/06/08 15:58:12 messageHandle.go:121: S1N0 : is going to commit
S1N0: 2023/06/08 15:58:12 messageHandle.go:135: S1N0 : commit is broadcast
S1N0: 2023/06/08 15:58:12 messageHandle.go:90: S1N0 : received the Prepare ...
S1N0: 2023/06/08 15:58:12 messageHandle.go:147: S1N0 received the Commit from ...1
S1N0: 2023/06/08 15:58:12 messageHandle.go:147: S1N0 received the Commit from ...3
S1N0: 2023/06/08 15:58:12 messageHandle.go:159: S1N0 : has received 2f + 1 commits ... 
S1N0: 2023/06/08 15:58:12 pbftInside_module.go:59: S1N0 : adding the block 20...now height = 19 
S1N0: 2023/06/08 15:58:12 pbftInside_module.go:61: S1N0 : added the block 20... 
S1N0: 2023/06/08 15:58:12 pbftInside_module.go:66: S1N0 : main node is trying to send relay txs at height = 20 
S1N0: 2023/06/08 15:58:12 pbftInside_module.go:98: S1N0 : sended relay txs to 0
S1N0: 2023/06/08 15:58:12 pbftInside_module.go:119: S1N0 : sended excuted txs
S1N0: 2023/06/08 15:58:12 messageHandle.go:189: S1N0: this round of pbft 20 is end 
S1N0: 2023/06/08 15:58:12 messageHandle.go:194: S1N0 get sequenceLock unlocked...
S1N0: 2023/06/08 15:58:12 messageHandle.go:147: S1N0 received the Commit from ...2
S1N0: 2023/06/08 15:58:13 pbftOutside_module.go:34: S1N0 : has received relay txs from shard 0, the senderSeq is 20
S1N0: 2023/06/08 15:58:13 pbftOutside_module.go:39: S1N0 : has handled relay txs msg
S1N0: 2023/06/08 15:58:17 messageHandle.go:28: S1N0 get sequenceLock locked, now trying to propose...
S1N0: 2023/06/08 15:58:17 messageHandle.go:35: S1N0 put the request into the pool ...
S1N0: 2023/06/08 15:58:17 messageHandle.go:90: S1N0 : received the Prepare ...
S1N0: 2023/06/08 15:58:17 messageHandle.go:90: S1N0 : received the Prepare ...
S1N0: 2023/06/08 15:58:17 messageHandle.go:121: S1N0 : is going to commit
S1N0: 2023/06/08 15:58:17 messageHandle.go:135: S1N0 : commit is broadcast
S1N0: 2023/06/08 15:58:17 messageHandle.go:90: S1N0 : received the Prepare ...
S1N0: 2023/06/08 15:58:17 messageHandle.go:147: S1N0 received the Commit from ...1
S1N0: 2023/06/08 15:58:17 messageHandle.go:147: S1N0 received the Commit from ...2
S1N0: 2023/06/08 15:58:17 messageHandle.go:159: S1N0 : has received 2f + 1 commits ... 
S1N0: 2023/06/08 15:58:17 pbftInside_module.go:59: S1N0 : adding the block 21...now height = 20 
S1N0: 2023/06/08 15:58:17 pbftInside_module.go:61: S1N0 : added the block 21... 
S1N0: 2023/06/08 15:58:17 pbftInside_module.go:66: S1N0 : main node is trying to send relay txs at height = 21 
S1N0: 2023/06/08 15:58:17 pbftInside_module.go:98: S1N0 : sended relay txs to 0
S1N0: 2023/06/08 15:58:17 pbftInside_module.go:119: S1N0 : sended excuted txs
S1N0: 2023/06/08 15:58:17 messageHandle.go:189: S1N0: this round of pbft 21 is end 
S1N0: 2023/06/08 15:58:17 messageHandle.go:194: S1N0 get sequenceLock unlocked...
S1N0: 2023/06/08 15:58:17 messageHandle.go:147: S1N0 received the Commit from ...3
S1N0: 2023/06/08 15:58:18 pbftOutside_module.go:34: S1N0 : has received relay txs from shard 0, the senderSeq is 21
S1N0: 2023/06/08 15:58:18 pbftOutside_module.go:39: S1N0 : has handled relay txs msg
S1N0: 2023/06/08 15:58:22 messageHandle.go:28: S1N0 get sequenceLock locked, now trying to propose...
S1N0: 2023/06/08 15:58:22 messageHandle.go:35: S1N0 put the request into the pool ...
S1N0: 2023/06/08 15:58:22 messageHandle.go:90: S1N0 : received the Prepare ...
S1N0: 2023/06/08 15:58:22 messageHandle.go:90: S1N0 : received the Prepare ...
S1N0: 2023/06/08 15:58:22 messageHandle.go:121: S1N0 : is going to commit
S1N0: 2023/06/08 15:58:22 messageHandle.go:135: S1N0 : commit is broadcast
S1N0: 2023/06/08 15:58:22 messageHandle.go:90: S1N0 : received the Prepare ...
S1N0: 2023/06/08 15:58:22 messageHandle.go:147: S1N0 received the Commit from ...3
S1N0: 2023/06/08 15:58:22 messageHandle.go:147: S1N0 received the Commit from ...1
S1N0: 2023/06/08 15:58:22 messageHandle.go:159: S1N0 : has received 2f + 1 commits ... 
S1N0: 2023/06/08 15:58:22 pbftInside_module.go:59: S1N0 : adding the block 22...now height = 21 
S1N0: 2023/06/08 15:58:22 pbftInside_module.go:61: S1N0 : added the block 22... 
S1N0: 2023/06/08 15:58:22 pbftInside_module.go:66: S1N0 : main node is trying to send relay txs at height = 22 
S1N0: 2023/06/08 15:58:22 pbftInside_module.go:98: S1N0 : sended relay txs to 0
S1N0: 2023/06/08 15:58:22 pbftInside_module.go:119: S1N0 : sended excuted txs
S1N0: 2023/06/08 15:58:22 messageHandle.go:189: S1N0: this round of pbft 22 is end 
S1N0: 2023/06/08 15:58:22 messageHandle.go:194: S1N0 get sequenceLock unlocked...
S1N0: 2023/06/08 15:58:22 messageHandle.go:147: S1N0 received the Commit from ...2
S1N0: 2023/06/08 15:58:23 pbftOutside_module.go:34: S1N0 : has received relay txs from shard 0, the senderSeq is 22
S1N0: 2023/06/08 15:58:23 pbftOutside_module.go:39: S1N0 : has handled relay txs msg
S1N0: 2023/06/08 15:58:27 messageHandle.go:28: S1N0 get sequenceLock locked, now trying to propose...
S1N0: 2023/06/08 15:58:27 messageHandle.go:35: S1N0 put the request into the pool ...
S1N0: 2023/06/08 15:58:27 messageHandle.go:90: S1N0 : received the Prepare ...
S1N0: 2023/06/08 15:58:27 messageHandle.go:90: S1N0 : received the Prepare ...
S1N0: 2023/06/08 15:58:27 messageHandle.go:121: S1N0 : is going to commit
S1N0: 2023/06/08 15:58:27 messageHandle.go:135: S1N0 : commit is broadcast
S1N0: 2023/06/08 15:58:27 messageHandle.go:90: S1N0 : received the Prepare ...
S1N0: 2023/06/08 15:58:27 messageHandle.go:147: S1N0 received the Commit from ...2
S1N0: 2023/06/08 15:58:27 messageHandle.go:147: S1N0 received the Commit from ...1
S1N0: 2023/06/08 15:58:27 messageHandle.go:159: S1N0 : has received 2f + 1 commits ... 
S1N0: 2023/06/08 15:58:27 pbftInside_module.go:59: S1N0 : adding the block 23...now height = 22 
S1N0: 2023/06/08 15:58:27 pbftInside_module.go:61: S1N0 : added the block 23... 
S1N0: 2023/06/08 15:58:27 pbftInside_module.go:66: S1N0 : main node is trying to send relay txs at height = 23 
S1N0: 2023/06/08 15:58:27 pbftInside_module.go:98: S1N0 : sended relay txs to 0
S1N0: 2023/06/08 15:58:27 pbftInside_module.go:119: S1N0 : sended excuted txs
S1N0: 2023/06/08 15:58:27 messageHandle.go:189: S1N0: this round of pbft 23 is end 
S1N0: 2023/06/08 15:58:27 messageHandle.go:194: S1N0 get sequenceLock unlocked...
S1N0: 2023/06/08 15:58:27 messageHandle.go:147: S1N0 received the Commit from ...3
S1N0: 2023/06/08 15:58:28 pbftOutside_module.go:34: S1N0 : has received relay txs from shard 0, the senderSeq is 23
S1N0: 2023/06/08 15:58:28 pbftOutside_module.go:39: S1N0 : has handled relay txs msg
S1N0: 2023/06/08 15:58:32 messageHandle.go:28: S1N0 get sequenceLock locked, now trying to propose...
S1N0: 2023/06/08 15:58:32 messageHandle.go:35: S1N0 put the request into the pool ...
S1N0: 2023/06/08 15:58:32 messageHandle.go:90: S1N0 : received the Prepare ...
S1N0: 2023/06/08 15:58:32 messageHandle.go:90: S1N0 : received the Prepare ...
S1N0: 2023/06/08 15:58:32 messageHandle.go:121: S1N0 : is going to commit
S1N0: 2023/06/08 15:58:32 messageHandle.go:135: S1N0 : commit is broadcast
S1N0: 2023/06/08 15:58:32 messageHandle.go:90: S1N0 : received the Prepare ...
S1N0: 2023/06/08 15:58:32 messageHandle.go:147: S1N0 received the Commit from ...1
S1N0: 2023/06/08 15:58:32 messageHandle.go:147: S1N0 received the Commit from ...2
S1N0: 2023/06/08 15:58:32 messageHandle.go:159: S1N0 : has received 2f + 1 commits ... 
S1N0: 2023/06/08 15:58:32 pbftInside_module.go:59: S1N0 : adding the block 24...now height = 23 
S1N0: 2023/06/08 15:58:32 pbftInside_module.go:61: S1N0 : added the block 24... 
S1N0: 2023/06/08 15:58:32 pbftInside_module.go:66: S1N0 : main node is trying to send relay txs at height = 24 
S1N0: 2023/06/08 15:58:32 pbftInside_module.go:98: S1N0 : sended relay txs to 0
S1N0: 2023/06/08 15:58:32 pbftInside_module.go:119: S1N0 : sended excuted txs
S1N0: 2023/06/08 15:58:32 messageHandle.go:189: S1N0: this round of pbft 24 is end 
S1N0: 2023/06/08 15:58:32 messageHandle.go:194: S1N0 get sequenceLock unlocked...
S1N0: 2023/06/08 15:58:32 messageHandle.go:147: S1N0 received the Commit from ...3
S1N0: 2023/06/08 15:58:33 pbftOutside_module.go:34: S1N0 : has received relay txs from shard 0, the senderSeq is 24
S1N0: 2023/06/08 15:58:33 pbftOutside_module.go:39: S1N0 : has handled relay txs msg
S1N0: 2023/06/08 15:58:37 messageHandle.go:28: S1N0 get sequenceLock locked, now trying to propose...
S1N0: 2023/06/08 15:58:37 messageHandle.go:35: S1N0 put the request into the pool ...
S1N0: 2023/06/08 15:58:37 messageHandle.go:90: S1N0 : received the Prepare ...
S1N0: 2023/06/08 15:58:37 messageHandle.go:90: S1N0 : received the Prepare ...
S1N0: 2023/06/08 15:58:37 messageHandle.go:121: S1N0 : is going to commit
S1N0: 2023/06/08 15:58:37 messageHandle.go:135: S1N0 : commit is broadcast
S1N0: 2023/06/08 15:58:37 messageHandle.go:90: S1N0 : received the Prepare ...
S1N0: 2023/06/08 15:58:37 messageHandle.go:147: S1N0 received the Commit from ...3
S1N0: 2023/06/08 15:58:37 messageHandle.go:147: S1N0 received the Commit from ...2
S1N0: 2023/06/08 15:58:37 messageHandle.go:159: S1N0 : has received 2f + 1 commits ... 
S1N0: 2023/06/08 15:58:37 pbftInside_module.go:59: S1N0 : adding the block 25...now height = 24 
S1N0: 2023/06/08 15:58:38 pbftInside_module.go:61: S1N0 : added the block 25... 
S1N0: 2023/06/08 15:58:38 pbftInside_module.go:66: S1N0 : main node is trying to send relay txs at height = 25 
S1N0: 2023/06/08 15:58:38 pbftInside_module.go:98: S1N0 : sended relay txs to 0
S1N0: 2023/06/08 15:58:38 pbftInside_module.go:119: S1N0 : sended excuted txs
S1N0: 2023/06/08 15:58:38 messageHandle.go:189: S1N0: this round of pbft 25 is end 
S1N0: 2023/06/08 15:58:38 messageHandle.go:194: S1N0 get sequenceLock unlocked...
S1N0: 2023/06/08 15:58:38 messageHandle.go:147: S1N0 received the Commit from ...1
S1N0: 2023/06/08 15:58:38 pbftOutside_module.go:34: S1N0 : has received relay txs from shard 0, the senderSeq is 25
S1N0: 2023/06/08 15:58:38 pbftOutside_module.go:39: S1N0 : has handled relay txs msg
S1N0: 2023/06/08 15:58:42 messageHandle.go:28: S1N0 get sequenceLock locked, now trying to propose...
S1N0: 2023/06/08 15:58:42 messageHandle.go:35: S1N0 put the request into the pool ...
S1N0: 2023/06/08 15:58:42 messageHandle.go:90: S1N0 : received the Prepare ...
S1N0: 2023/06/08 15:58:42 messageHandle.go:90: S1N0 : received the Prepare ...
S1N0: 2023/06/08 15:58:42 messageHandle.go:121: S1N0 : is going to commit
S1N0: 2023/06/08 15:58:42 messageHandle.go:135: S1N0 : commit is broadcast
S1N0: 2023/06/08 15:58:42 messageHandle.go:90: S1N0 : received the Prepare ...
S1N0: 2023/06/08 15:58:42 messageHandle.go:147: S1N0 received the Commit from ...3
S1N0: 2023/06/08 15:58:42 messageHandle.go:147: S1N0 received the Commit from ...2
S1N0: 2023/06/08 15:58:42 messageHandle.go:159: S1N0 : has received 2f + 1 commits ... 
S1N0: 2023/06/08 15:58:42 pbftInside_module.go:59: S1N0 : adding the block 26...now height = 25 
S1N0: 2023/06/08 15:58:44 pbftInside_module.go:61: S1N0 : added the block 26... 
S1N0: 2023/06/08 15:58:44 pbftInside_module.go:66: S1N0 : main node is trying to send relay txs at height = 26 
S1N0: 2023/06/08 15:58:44 pbftInside_module.go:98: S1N0 : sended relay txs to 0
S1N0: 2023/06/08 15:58:44 pbftInside_module.go:119: S1N0 : sended excuted txs
S1N0: 2023/06/08 15:58:44 messageHandle.go:189: S1N0: this round of pbft 26 is end 
S1N0: 2023/06/08 15:58:44 messageHandle.go:194: S1N0 get sequenceLock unlocked...
S1N0: 2023/06/08 15:58:44 messageHandle.go:147: S1N0 received the Commit from ...1
S1N0: 2023/06/08 15:58:44 pbftOutside_module.go:34: S1N0 : has received relay txs from shard 0, the senderSeq is 26
S1N0: 2023/06/08 15:58:44 pbftOutside_module.go:39: S1N0 : has handled relay txs msg
S1N0: 2023/06/08 15:58:47 messageHandle.go:28: S1N0 get sequenceLock locked, now trying to propose...
S1N0: 2023/06/08 15:58:47 messageHandle.go:35: S1N0 put the request into the pool ...
S1N0: 2023/06/08 15:58:47 messageHandle.go:90: S1N0 : received the Prepare ...
S1N0: 2023/06/08 15:58:47 messageHandle.go:90: S1N0 : received the Prepare ...
S1N0: 2023/06/08 15:58:47 messageHandle.go:121: S1N0 : is going to commit
S1N0: 2023/06/08 15:58:47 messageHandle.go:135: S1N0 : commit is broadcast
S1N0: 2023/06/08 15:58:47 messageHandle.go:90: S1N0 : received the Prepare ...
S1N0: 2023/06/08 15:58:47 messageHandle.go:147: S1N0 received the Commit from ...1
S1N0: 2023/06/08 15:58:47 messageHandle.go:147: S1N0 received the Commit from ...3
S1N0: 2023/06/08 15:58:47 messageHandle.go:159: S1N0 : has received 2f + 1 commits ... 
S1N0: 2023/06/08 15:58:47 pbftInside_module.go:59: S1N0 : adding the block 27...now height = 26 
S1N0: 2023/06/08 15:58:48 pbftInside_module.go:61: S1N0 : added the block 27... 
S1N0: 2023/06/08 15:58:48 pbftInside_module.go:66: S1N0 : main node is trying to send relay txs at height = 27 
S1N0: 2023/06/08 15:58:48 pbftInside_module.go:98: S1N0 : sended relay txs to 0
S1N0: 2023/06/08 15:58:48 pbftInside_module.go:119: S1N0 : sended excuted txs
S1N0: 2023/06/08 15:58:48 messageHandle.go:189: S1N0: this round of pbft 27 is end 
S1N0: 2023/06/08 15:58:48 messageHandle.go:194: S1N0 get sequenceLock unlocked...
S1N0: 2023/06/08 15:58:48 messageHandle.go:147: S1N0 received the Commit from ...2
S1N0: 2023/06/08 15:58:49 pbftOutside_module.go:34: S1N0 : has received relay txs from shard 0, the senderSeq is 27
S1N0: 2023/06/08 15:58:49 pbftOutside_module.go:39: S1N0 : has handled relay txs msg
S1N0: 2023/06/08 15:58:52 messageHandle.go:28: S1N0 get sequenceLock locked, now trying to propose...
S1N0: 2023/06/08 15:58:53 messageHandle.go:35: S1N0 put the request into the pool ...
S1N0: 2023/06/08 15:58:53 messageHandle.go:90: S1N0 : received the Prepare ...
S1N0: 2023/06/08 15:58:53 messageHandle.go:90: S1N0 : received the Prepare ...
S1N0: 2023/06/08 15:58:53 messageHandle.go:121: S1N0 : is going to commit
S1N0: 2023/06/08 15:58:53 messageHandle.go:135: S1N0 : commit is broadcast
S1N0: 2023/06/08 15:58:53 messageHandle.go:90: S1N0 : received the Prepare ...
S1N0: 2023/06/08 15:58:53 messageHandle.go:147: S1N0 received the Commit from ...3
S1N0: 2023/06/08 15:58:53 messageHandle.go:147: S1N0 received the Commit from ...1
S1N0: 2023/06/08 15:58:53 messageHandle.go:159: S1N0 : has received 2f + 1 commits ... 
S1N0: 2023/06/08 15:58:53 pbftInside_module.go:59: S1N0 : adding the block 28...now height = 27 
S1N0: 2023/06/08 15:58:53 pbftInside_module.go:61: S1N0 : added the block 28... 
S1N0: 2023/06/08 15:58:53 pbftInside_module.go:66: S1N0 : main node is trying to send relay txs at height = 28 
S1N0: 2023/06/08 15:58:53 pbftInside_module.go:98: S1N0 : sended relay txs to 0
S1N0: 2023/06/08 15:58:53 pbftInside_module.go:119: S1N0 : sended excuted txs
S1N0: 2023/06/08 15:58:53 messageHandle.go:189: S1N0: this round of pbft 28 is end 
S1N0: 2023/06/08 15:58:53 messageHandle.go:194: S1N0 get sequenceLock unlocked...
S1N0: 2023/06/08 15:58:53 messageHandle.go:147: S1N0 received the Commit from ...2
S1N0: 2023/06/08 15:58:54 pbftOutside_module.go:34: S1N0 : has received relay txs from shard 0, the senderSeq is 28
S1N0: 2023/06/08 15:58:54 pbftOutside_module.go:39: S1N0 : has handled relay txs msg
S1N0: 2023/06/08 15:58:58 messageHandle.go:28: S1N0 get sequenceLock locked, now trying to propose...
S1N0: 2023/06/08 15:58:58 messageHandle.go:35: S1N0 put the request into the pool ...
S1N0: 2023/06/08 15:58:58 messageHandle.go:90: S1N0 : received the Prepare ...
S1N0: 2023/06/08 15:58:58 messageHandle.go:90: S1N0 : received the Prepare ...
S1N0: 2023/06/08 15:58:58 messageHandle.go:121: S1N0 : is going to commit
S1N0: 2023/06/08 15:58:58 messageHandle.go:135: S1N0 : commit is broadcast
S1N0: 2023/06/08 15:58:58 messageHandle.go:90: S1N0 : received the Prepare ...
S1N0: 2023/06/08 15:58:58 messageHandle.go:147: S1N0 received the Commit from ...1
S1N0: 2023/06/08 15:58:58 messageHandle.go:147: S1N0 received the Commit from ...3
S1N0: 2023/06/08 15:58:58 messageHandle.go:159: S1N0 : has received 2f + 1 commits ... 
S1N0: 2023/06/08 15:58:58 pbftInside_module.go:59: S1N0 : adding the block 29...now height = 28 
S1N0: 2023/06/08 15:58:58 pbftInside_module.go:61: S1N0 : added the block 29... 
S1N0: 2023/06/08 15:58:58 pbftInside_module.go:66: S1N0 : main node is trying to send relay txs at height = 29 
S1N0: 2023/06/08 15:58:58 pbftInside_module.go:98: S1N0 : sended relay txs to 0
S1N0: 2023/06/08 15:58:58 pbftInside_module.go:119: S1N0 : sended excuted txs
S1N0: 2023/06/08 15:58:58 messageHandle.go:189: S1N0: this round of pbft 29 is end 
S1N0: 2023/06/08 15:58:58 messageHandle.go:194: S1N0 get sequenceLock unlocked...
S1N0: 2023/06/08 15:58:58 messageHandle.go:147: S1N0 received the Commit from ...2
S1N0: 2023/06/08 15:58:59 pbftOutside_module.go:34: S1N0 : has received relay txs from shard 0, the senderSeq is 29
S1N0: 2023/06/08 15:58:59 pbftOutside_module.go:39: S1N0 : has handled relay txs msg
S1N0: 2023/06/08 15:59:03 messageHandle.go:28: S1N0 get sequenceLock locked, now trying to propose...
S1N0: 2023/06/08 15:59:03 messageHandle.go:35: S1N0 put the request into the pool ...
S1N0: 2023/06/08 15:59:03 messageHandle.go:90: S1N0 : received the Prepare ...
S1N0: 2023/06/08 15:59:03 messageHandle.go:90: S1N0 : received the Prepare ...
S1N0: 2023/06/08 15:59:03 messageHandle.go:121: S1N0 : is going to commit
S1N0: 2023/06/08 15:59:03 messageHandle.go:135: S1N0 : commit is broadcast
S1N0: 2023/06/08 15:59:03 messageHandle.go:90: S1N0 : received the Prepare ...
S1N0: 2023/06/08 15:59:03 messageHandle.go:147: S1N0 received the Commit from ...2
S1N0: 2023/06/08 15:59:03 messageHandle.go:147: S1N0 received the Commit from ...3
S1N0: 2023/06/08 15:59:03 messageHandle.go:159: S1N0 : has received 2f + 1 commits ... 
S1N0: 2023/06/08 15:59:03 pbftInside_module.go:59: S1N0 : adding the block 30...now height = 29 
S1N0: 2023/06/08 15:59:03 pbftInside_module.go:61: S1N0 : added the block 30... 
S1N0: 2023/06/08 15:59:03 pbftInside_module.go:66: S1N0 : main node is trying to send relay txs at height = 30 
S1N0: 2023/06/08 15:59:03 pbftInside_module.go:98: S1N0 : sended relay txs to 0
S1N0: 2023/06/08 15:59:03 pbftInside_module.go:119: S1N0 : sended excuted txs
S1N0: 2023/06/08 15:59:03 messageHandle.go:189: S1N0: this round of pbft 30 is end 
S1N0: 2023/06/08 15:59:03 messageHandle.go:194: S1N0 get sequenceLock unlocked...
S1N0: 2023/06/08 15:59:03 messageHandle.go:147: S1N0 received the Commit from ...1
S1N0: 2023/06/08 15:59:04 pbftOutside_module.go:34: S1N0 : has received relay txs from shard 0, the senderSeq is 30
S1N0: 2023/06/08 15:59:04 pbftOutside_module.go:39: S1N0 : has handled relay txs msg
S1N0: 2023/06/08 15:59:08 messageHandle.go:28: S1N0 get sequenceLock locked, now trying to propose...
S1N0: 2023/06/08 15:59:08 messageHandle.go:35: S1N0 put the request into the pool ...
S1N0: 2023/06/08 15:59:08 messageHandle.go:90: S1N0 : received the Prepare ...
S1N0: 2023/06/08 15:59:08 messageHandle.go:90: S1N0 : received the Prepare ...
S1N0: 2023/06/08 15:59:08 messageHandle.go:121: S1N0 : is going to commit
S1N0: 2023/06/08 15:59:08 messageHandle.go:135: S1N0 : commit is broadcast
S1N0: 2023/06/08 15:59:08 messageHandle.go:90: S1N0 : received the Prepare ...
S1N0: 2023/06/08 15:59:08 messageHandle.go:147: S1N0 received the Commit from ...3
S1N0: 2023/06/08 15:59:08 messageHandle.go:147: S1N0 received the Commit from ...2
S1N0: 2023/06/08 15:59:08 messageHandle.go:159: S1N0 : has received 2f + 1 commits ... 
S1N0: 2023/06/08 15:59:08 pbftInside_module.go:59: S1N0 : adding the block 31...now height = 30 
S1N0: 2023/06/08 15:59:08 pbftInside_module.go:61: S1N0 : added the block 31... 
S1N0: 2023/06/08 15:59:08 pbftInside_module.go:66: S1N0 : main node is trying to send relay txs at height = 31 
S1N0: 2023/06/08 15:59:08 pbftInside_module.go:98: S1N0 : sended relay txs to 0
S1N0: 2023/06/08 15:59:08 pbftInside_module.go:119: S1N0 : sended excuted txs
S1N0: 2023/06/08 15:59:08 messageHandle.go:189: S1N0: this round of pbft 31 is end 
S1N0: 2023/06/08 15:59:08 messageHandle.go:194: S1N0 get sequenceLock unlocked...
S1N0: 2023/06/08 15:59:08 messageHandle.go:147: S1N0 received the Commit from ...1
S1N0: 2023/06/08 15:59:09 pbftOutside_module.go:34: S1N0 : has received relay txs from shard 0, the senderSeq is 31
S1N0: 2023/06/08 15:59:09 pbftOutside_module.go:39: S1N0 : has handled relay txs msg
S1N0: 2023/06/08 15:59:13 messageHandle.go:28: S1N0 get sequenceLock locked, now trying to propose...
S1N0: 2023/06/08 15:59:13 messageHandle.go:35: S1N0 put the request into the pool ...
S1N0: 2023/06/08 15:59:13 messageHandle.go:90: S1N0 : received the Prepare ...
S1N0: 2023/06/08 15:59:13 messageHandle.go:90: S1N0 : received the Prepare ...
S1N0: 2023/06/08 15:59:13 messageHandle.go:121: S1N0 : is going to commit
S1N0: 2023/06/08 15:59:13 messageHandle.go:135: S1N0 : commit is broadcast
S1N0: 2023/06/08 15:59:13 messageHandle.go:90: S1N0 : received the Prepare ...
S1N0: 2023/06/08 15:59:13 messageHandle.go:147: S1N0 received the Commit from ...3
S1N0: 2023/06/08 15:59:13 messageHandle.go:147: S1N0 received the Commit from ...2
S1N0: 2023/06/08 15:59:13 messageHandle.go:159: S1N0 : has received 2f + 1 commits ... 
S1N0: 2023/06/08 15:59:13 pbftInside_module.go:59: S1N0 : adding the block 32...now height = 31 
S1N0: 2023/06/08 15:59:14 pbftInside_module.go:61: S1N0 : added the block 32... 
S1N0: 2023/06/08 15:59:14 pbftInside_module.go:66: S1N0 : main node is trying to send relay txs at height = 32 
S1N0: 2023/06/08 15:59:14 pbftInside_module.go:98: S1N0 : sended relay txs to 0
S1N0: 2023/06/08 15:59:14 pbftInside_module.go:119: S1N0 : sended excuted txs
S1N0: 2023/06/08 15:59:14 messageHandle.go:189: S1N0: this round of pbft 32 is end 
S1N0: 2023/06/08 15:59:14 messageHandle.go:194: S1N0 get sequenceLock unlocked...
S1N0: 2023/06/08 15:59:14 messageHandle.go:147: S1N0 received the Commit from ...1
S1N0: 2023/06/08 15:59:14 pbftOutside_module.go:34: S1N0 : has received relay txs from shard 0, the senderSeq is 32
S1N0: 2023/06/08 15:59:14 pbftOutside_module.go:39: S1N0 : has handled relay txs msg
S1N0: 2023/06/08 15:59:18 messageHandle.go:28: S1N0 get sequenceLock locked, now trying to propose...
S1N0: 2023/06/08 15:59:18 messageHandle.go:35: S1N0 put the request into the pool ...
S1N0: 2023/06/08 15:59:18 messageHandle.go:90: S1N0 : received the Prepare ...
S1N0: 2023/06/08 15:59:18 messageHandle.go:90: S1N0 : received the Prepare ...
S1N0: 2023/06/08 15:59:18 messageHandle.go:121: S1N0 : is going to commit
S1N0: 2023/06/08 15:59:18 messageHandle.go:135: S1N0 : commit is broadcast
S1N0: 2023/06/08 15:59:18 messageHandle.go:90: S1N0 : received the Prepare ...
S1N0: 2023/06/08 15:59:18 messageHandle.go:147: S1N0 received the Commit from ...3
S1N0: 2023/06/08 15:59:18 messageHandle.go:147: S1N0 received the Commit from ...2
S1N0: 2023/06/08 15:59:18 messageHandle.go:159: S1N0 : has received 2f + 1 commits ... 
S1N0: 2023/06/08 15:59:18 pbftInside_module.go:59: S1N0 : adding the block 33...now height = 32 
S1N0: 2023/06/08 15:59:18 pbftInside_module.go:61: S1N0 : added the block 33... 
S1N0: 2023/06/08 15:59:18 pbftInside_module.go:66: S1N0 : main node is trying to send relay txs at height = 33 
S1N0: 2023/06/08 15:59:18 pbftInside_module.go:98: S1N0 : sended relay txs to 0
S1N0: 2023/06/08 15:59:18 pbftInside_module.go:119: S1N0 : sended excuted txs
S1N0: 2023/06/08 15:59:18 messageHandle.go:189: S1N0: this round of pbft 33 is end 
S1N0: 2023/06/08 15:59:18 messageHandle.go:194: S1N0 get sequenceLock unlocked...
S1N0: 2023/06/08 15:59:18 messageHandle.go:147: S1N0 received the Commit from ...1
S1N0: 2023/06/08 15:59:19 pbftOutside_module.go:34: S1N0 : has received relay txs from shard 0, the senderSeq is 33
S1N0: 2023/06/08 15:59:19 pbftOutside_module.go:39: S1N0 : has handled relay txs msg
S1N0: 2023/06/08 15:59:23 messageHandle.go:28: S1N0 get sequenceLock locked, now trying to propose...
S1N0: 2023/06/08 15:59:23 messageHandle.go:35: S1N0 put the request into the pool ...
S1N0: 2023/06/08 15:59:23 messageHandle.go:90: S1N0 : received the Prepare ...
S1N0: 2023/06/08 15:59:23 messageHandle.go:90: S1N0 : received the Prepare ...
S1N0: 2023/06/08 15:59:23 messageHandle.go:121: S1N0 : is going to commit
S1N0: 2023/06/08 15:59:23 messageHandle.go:135: S1N0 : commit is broadcast
S1N0: 2023/06/08 15:59:23 messageHandle.go:147: S1N0 received the Commit from ...1
S1N0: 2023/06/08 15:59:23 messageHandle.go:90: S1N0 : received the Prepare ...
S1N0: 2023/06/08 15:59:23 messageHandle.go:147: S1N0 received the Commit from ...3
S1N0: 2023/06/08 15:59:23 messageHandle.go:159: S1N0 : has received 2f + 1 commits ... 
S1N0: 2023/06/08 15:59:23 pbftInside_module.go:59: S1N0 : adding the block 34...now height = 33 
S1N0: 2023/06/08 15:59:24 pbftInside_module.go:61: S1N0 : added the block 34... 
S1N0: 2023/06/08 15:59:24 pbftInside_module.go:66: S1N0 : main node is trying to send relay txs at height = 34 
S1N0: 2023/06/08 15:59:24 pbftInside_module.go:98: S1N0 : sended relay txs to 0
S1N0: 2023/06/08 15:59:24 pbftInside_module.go:119: S1N0 : sended excuted txs
S1N0: 2023/06/08 15:59:24 messageHandle.go:189: S1N0: this round of pbft 34 is end 
S1N0: 2023/06/08 15:59:24 messageHandle.go:194: S1N0 get sequenceLock unlocked...
S1N0: 2023/06/08 15:59:24 messageHandle.go:147: S1N0 received the Commit from ...2
S1N0: 2023/06/08 15:59:24 pbftOutside_module.go:34: S1N0 : has received relay txs from shard 0, the senderSeq is 34
S1N0: 2023/06/08 15:59:24 pbftOutside_module.go:39: S1N0 : has handled relay txs msg
S1N0: 2023/06/08 15:59:28 messageHandle.go:28: S1N0 get sequenceLock locked, now trying to propose...
S1N0: 2023/06/08 15:59:28 messageHandle.go:35: S1N0 put the request into the pool ...
S1N0: 2023/06/08 15:59:28 messageHandle.go:90: S1N0 : received the Prepare ...
S1N0: 2023/06/08 15:59:28 messageHandle.go:90: S1N0 : received the Prepare ...
S1N0: 2023/06/08 15:59:28 messageHandle.go:121: S1N0 : is going to commit
S1N0: 2023/06/08 15:59:28 messageHandle.go:135: S1N0 : commit is broadcast
S1N0: 2023/06/08 15:59:28 messageHandle.go:90: S1N0 : received the Prepare ...
S1N0: 2023/06/08 15:59:28 messageHandle.go:147: S1N0 received the Commit from ...1
S1N0: 2023/06/08 15:59:28 messageHandle.go:147: S1N0 received the Commit from ...2
S1N0: 2023/06/08 15:59:28 messageHandle.go:159: S1N0 : has received 2f + 1 commits ... 
S1N0: 2023/06/08 15:59:28 pbftInside_module.go:59: S1N0 : adding the block 35...now height = 34 
S1N0: 2023/06/08 15:59:29 pbftInside_module.go:61: S1N0 : added the block 35... 
S1N0: 2023/06/08 15:59:29 pbftInside_module.go:66: S1N0 : main node is trying to send relay txs at height = 35 
S1N0: 2023/06/08 15:59:29 pbftInside_module.go:98: S1N0 : sended relay txs to 0
S1N0: 2023/06/08 15:59:29 pbftInside_module.go:119: S1N0 : sended excuted txs
S1N0: 2023/06/08 15:59:29 messageHandle.go:189: S1N0: this round of pbft 35 is end 
S1N0: 2023/06/08 15:59:29 messageHandle.go:194: S1N0 get sequenceLock unlocked...
S1N0: 2023/06/08 15:59:29 messageHandle.go:147: S1N0 received the Commit from ...3
S1N0: 2023/06/08 15:59:30 pbftOutside_module.go:34: S1N0 : has received relay txs from shard 0, the senderSeq is 35
S1N0: 2023/06/08 15:59:30 pbftOutside_module.go:39: S1N0 : has handled relay txs msg
S1N0: 2023/06/08 15:59:33 messageHandle.go:28: S1N0 get sequenceLock locked, now trying to propose...
S1N0: 2023/06/08 15:59:33 messageHandle.go:35: S1N0 put the request into the pool ...
S1N0: 2023/06/08 15:59:33 messageHandle.go:90: S1N0 : received the Prepare ...
S1N0: 2023/06/08 15:59:33 messageHandle.go:90: S1N0 : received the Prepare ...
S1N0: 2023/06/08 15:59:33 messageHandle.go:121: S1N0 : is going to commit
S1N0: 2023/06/08 15:59:33 messageHandle.go:135: S1N0 : commit is broadcast
S1N0: 2023/06/08 15:59:33 messageHandle.go:90: S1N0 : received the Prepare ...
S1N0: 2023/06/08 15:59:33 messageHandle.go:147: S1N0 received the Commit from ...1
S1N0: 2023/06/08 15:59:33 messageHandle.go:147: S1N0 received the Commit from ...3
S1N0: 2023/06/08 15:59:33 messageHandle.go:159: S1N0 : has received 2f + 1 commits ... 
S1N0: 2023/06/08 15:59:33 pbftInside_module.go:59: S1N0 : adding the block 36...now height = 35 
S1N0: 2023/06/08 15:59:34 pbftInside_module.go:61: S1N0 : added the block 36... 
S1N0: 2023/06/08 15:59:34 pbftInside_module.go:66: S1N0 : main node is trying to send relay txs at height = 36 
S1N0: 2023/06/08 15:59:34 pbftInside_module.go:98: S1N0 : sended relay txs to 0
S1N0: 2023/06/08 15:59:34 pbftInside_module.go:119: S1N0 : sended excuted txs
S1N0: 2023/06/08 15:59:34 messageHandle.go:189: S1N0: this round of pbft 36 is end 
S1N0: 2023/06/08 15:59:34 messageHandle.go:194: S1N0 get sequenceLock unlocked...
S1N0: 2023/06/08 15:59:34 messageHandle.go:147: S1N0 received the Commit from ...2
S1N0: 2023/06/08 15:59:34 pbftOutside_module.go:34: S1N0 : has received relay txs from shard 0, the senderSeq is 36
S1N0: 2023/06/08 15:59:34 pbftOutside_module.go:39: S1N0 : has handled relay txs msg
S1N0: 2023/06/08 15:59:38 messageHandle.go:28: S1N0 get sequenceLock locked, now trying to propose...
S1N0: 2023/06/08 15:59:39 messageHandle.go:35: S1N0 put the request into the pool ...
S1N0: 2023/06/08 15:59:39 messageHandle.go:90: S1N0 : received the Prepare ...
S1N0: 2023/06/08 15:59:39 messageHandle.go:90: S1N0 : received the Prepare ...
S1N0: 2023/06/08 15:59:39 messageHandle.go:121: S1N0 : is going to commit
S1N0: 2023/06/08 15:59:39 messageHandle.go:135: S1N0 : commit is broadcast
S1N0: 2023/06/08 15:59:39 messageHandle.go:90: S1N0 : received the Prepare ...
S1N0: 2023/06/08 15:59:39 messageHandle.go:147: S1N0 received the Commit from ...1
S1N0: 2023/06/08 15:59:39 messageHandle.go:147: S1N0 received the Commit from ...2
S1N0: 2023/06/08 15:59:39 messageHandle.go:159: S1N0 : has received 2f + 1 commits ... 
S1N0: 2023/06/08 15:59:39 pbftInside_module.go:59: S1N0 : adding the block 37...now height = 36 
S1N0: 2023/06/08 15:59:39 pbftInside_module.go:61: S1N0 : added the block 37... 
S1N0: 2023/06/08 15:59:39 pbftInside_module.go:66: S1N0 : main node is trying to send relay txs at height = 37 
S1N0: 2023/06/08 15:59:39 pbftInside_module.go:98: S1N0 : sended relay txs to 0
S1N0: 2023/06/08 15:59:39 pbftInside_module.go:119: S1N0 : sended excuted txs
S1N0: 2023/06/08 15:59:39 messageHandle.go:189: S1N0: this round of pbft 37 is end 
S1N0: 2023/06/08 15:59:39 messageHandle.go:194: S1N0 get sequenceLock unlocked...
S1N0: 2023/06/08 15:59:39 messageHandle.go:147: S1N0 received the Commit from ...3
S1N0: 2023/06/08 15:59:40 pbftOutside_module.go:34: S1N0 : has received relay txs from shard 0, the senderSeq is 37
S1N0: 2023/06/08 15:59:40 pbftOutside_module.go:39: S1N0 : has handled relay txs msg
S1N0: 2023/06/08 15:59:44 messageHandle.go:28: S1N0 get sequenceLock locked, now trying to propose...
S1N0: 2023/06/08 15:59:44 messageHandle.go:35: S1N0 put the request into the pool ...
S1N0: 2023/06/08 15:59:44 messageHandle.go:90: S1N0 : received the Prepare ...
S1N0: 2023/06/08 15:59:44 messageHandle.go:90: S1N0 : received the Prepare ...
S1N0: 2023/06/08 15:59:44 messageHandle.go:121: S1N0 : is going to commit
S1N0: 2023/06/08 15:59:44 messageHandle.go:135: S1N0 : commit is broadcast
S1N0: 2023/06/08 15:59:44 messageHandle.go:90: S1N0 : received the Prepare ...
S1N0: 2023/06/08 15:59:44 messageHandle.go:147: S1N0 received the Commit from ...1
S1N0: 2023/06/08 15:59:44 messageHandle.go:147: S1N0 received the Commit from ...3
S1N0: 2023/06/08 15:59:44 messageHandle.go:159: S1N0 : has received 2f + 1 commits ... 
S1N0: 2023/06/08 15:59:44 pbftInside_module.go:59: S1N0 : adding the block 38...now height = 37 
S1N0: 2023/06/08 15:59:44 pbftInside_module.go:61: S1N0 : added the block 38... 
S1N0: 2023/06/08 15:59:44 pbftInside_module.go:66: S1N0 : main node is trying to send relay txs at height = 38 
S1N0: 2023/06/08 15:59:44 pbftInside_module.go:98: S1N0 : sended relay txs to 0
S1N0: 2023/06/08 15:59:44 pbftInside_module.go:119: S1N0 : sended excuted txs
S1N0: 2023/06/08 15:59:44 messageHandle.go:189: S1N0: this round of pbft 38 is end 
S1N0: 2023/06/08 15:59:44 messageHandle.go:194: S1N0 get sequenceLock unlocked...
S1N0: 2023/06/08 15:59:44 messageHandle.go:147: S1N0 received the Commit from ...2
S1N0: 2023/06/08 15:59:45 pbftOutside_module.go:34: S1N0 : has received relay txs from shard 0, the senderSeq is 38
S1N0: 2023/06/08 15:59:45 pbftOutside_module.go:39: S1N0 : has handled relay txs msg
S1N0: 2023/06/08 15:59:49 messageHandle.go:28: S1N0 get sequenceLock locked, now trying to propose...
S1N0: 2023/06/08 15:59:49 messageHandle.go:35: S1N0 put the request into the pool ...
S1N0: 2023/06/08 15:59:49 messageHandle.go:90: S1N0 : received the Prepare ...
S1N0: 2023/06/08 15:59:49 messageHandle.go:90: S1N0 : received the Prepare ...
S1N0: 2023/06/08 15:59:49 messageHandle.go:121: S1N0 : is going to commit
S1N0: 2023/06/08 15:59:49 messageHandle.go:135: S1N0 : commit is broadcast
S1N0: 2023/06/08 15:59:49 messageHandle.go:90: S1N0 : received the Prepare ...
S1N0: 2023/06/08 15:59:49 messageHandle.go:147: S1N0 received the Commit from ...1
S1N0: 2023/06/08 15:59:49 messageHandle.go:147: S1N0 received the Commit from ...2
S1N0: 2023/06/08 15:59:49 messageHandle.go:159: S1N0 : has received 2f + 1 commits ... 
S1N0: 2023/06/08 15:59:49 pbftInside_module.go:59: S1N0 : adding the block 39...now height = 38 
S1N0: 2023/06/08 15:59:49 pbftInside_module.go:61: S1N0 : added the block 39... 
S1N0: 2023/06/08 15:59:49 pbftInside_module.go:66: S1N0 : main node is trying to send relay txs at height = 39 
S1N0: 2023/06/08 15:59:49 pbftInside_module.go:98: S1N0 : sended relay txs to 0
S1N0: 2023/06/08 15:59:49 pbftInside_module.go:119: S1N0 : sended excuted txs
S1N0: 2023/06/08 15:59:49 messageHandle.go:189: S1N0: this round of pbft 39 is end 
S1N0: 2023/06/08 15:59:49 messageHandle.go:194: S1N0 get sequenceLock unlocked...
S1N0: 2023/06/08 15:59:49 messageHandle.go:147: S1N0 received the Commit from ...3
S1N0: 2023/06/08 15:59:50 pbftOutside_module.go:34: S1N0 : has received relay txs from shard 0, the senderSeq is 39
S1N0: 2023/06/08 15:59:50 pbftOutside_module.go:39: S1N0 : has handled relay txs msg
S1N0: 2023/06/08 15:59:54 messageHandle.go:28: S1N0 get sequenceLock locked, now trying to propose...
S1N0: 2023/06/08 15:59:54 messageHandle.go:35: S1N0 put the request into the pool ...
S1N0: 2023/06/08 15:59:54 messageHandle.go:90: S1N0 : received the Prepare ...
S1N0: 2023/06/08 15:59:54 messageHandle.go:90: S1N0 : received the Prepare ...
S1N0: 2023/06/08 15:59:54 messageHandle.go:121: S1N0 : is going to commit
S1N0: 2023/06/08 15:59:54 messageHandle.go:135: S1N0 : commit is broadcast
S1N0: 2023/06/08 15:59:54 messageHandle.go:90: S1N0 : received the Prepare ...
S1N0: 2023/06/08 15:59:54 messageHandle.go:147: S1N0 received the Commit from ...2
S1N0: 2023/06/08 15:59:54 messageHandle.go:147: S1N0 received the Commit from ...1
S1N0: 2023/06/08 15:59:54 messageHandle.go:159: S1N0 : has received 2f + 1 commits ... 
S1N0: 2023/06/08 15:59:54 pbftInside_module.go:59: S1N0 : adding the block 40...now height = 39 
S1N0: 2023/06/08 15:59:54 pbftInside_module.go:61: S1N0 : added the block 40... 
S1N0: 2023/06/08 15:59:54 pbftInside_module.go:66: S1N0 : main node is trying to send relay txs at height = 40 
S1N0: 2023/06/08 15:59:54 pbftInside_module.go:98: S1N0 : sended relay txs to 0
S1N0: 2023/06/08 15:59:54 pbftInside_module.go:119: S1N0 : sended excuted txs
S1N0: 2023/06/08 15:59:54 messageHandle.go:189: S1N0: this round of pbft 40 is end 
S1N0: 2023/06/08 15:59:54 messageHandle.go:194: S1N0 get sequenceLock unlocked...
S1N0: 2023/06/08 15:59:54 messageHandle.go:147: S1N0 received the Commit from ...3
S1N0: 2023/06/08 15:59:55 pbftOutside_module.go:34: S1N0 : has received relay txs from shard 0, the senderSeq is 40
S1N0: 2023/06/08 15:59:55 pbftOutside_module.go:39: S1N0 : has handled relay txs msg
S1N0: 2023/06/08 15:59:59 messageHandle.go:28: S1N0 get sequenceLock locked, now trying to propose...
S1N0: 2023/06/08 15:59:59 messageHandle.go:35: S1N0 put the request into the pool ...
S1N0: 2023/06/08 15:59:59 messageHandle.go:90: S1N0 : received the Prepare ...
S1N0: 2023/06/08 15:59:59 messageHandle.go:90: S1N0 : received the Prepare ...
S1N0: 2023/06/08 15:59:59 messageHandle.go:121: S1N0 : is going to commit
S1N0: 2023/06/08 15:59:59 messageHandle.go:135: S1N0 : commit is broadcast
S1N0: 2023/06/08 15:59:59 messageHandle.go:90: S1N0 : received the Prepare ...
S1N0: 2023/06/08 15:59:59 messageHandle.go:147: S1N0 received the Commit from ...2
S1N0: 2023/06/08 15:59:59 messageHandle.go:147: S1N0 received the Commit from ...3
S1N0: 2023/06/08 15:59:59 messageHandle.go:159: S1N0 : has received 2f + 1 commits ... 
S1N0: 2023/06/08 15:59:59 pbftInside_module.go:59: S1N0 : adding the block 41...now height = 40 
S1N0: 2023/06/08 15:59:59 pbftInside_module.go:61: S1N0 : added the block 41... 
S1N0: 2023/06/08 15:59:59 pbftInside_module.go:66: S1N0 : main node is trying to send relay txs at height = 41 
S1N0: 2023/06/08 15:59:59 pbftInside_module.go:98: S1N0 : sended relay txs to 0
S1N0: 2023/06/08 15:59:59 pbftInside_module.go:119: S1N0 : sended excuted txs
S1N0: 2023/06/08 15:59:59 messageHandle.go:189: S1N0: this round of pbft 41 is end 
S1N0: 2023/06/08 15:59:59 messageHandle.go:194: S1N0 get sequenceLock unlocked...
S1N0: 2023/06/08 15:59:59 messageHandle.go:147: S1N0 received the Commit from ...1
S1N0: 2023/06/08 16:00:00 pbftOutside_module.go:34: S1N0 : has received relay txs from shard 0, the senderSeq is 41
S1N0: 2023/06/08 16:00:00 pbftOutside_module.go:39: S1N0 : has handled relay txs msg
S1N0: 2023/06/08 16:00:04 messageHandle.go:28: S1N0 get sequenceLock locked, now trying to propose...
S1N0: 2023/06/08 16:00:04 messageHandle.go:35: S1N0 put the request into the pool ...
S1N0: 2023/06/08 16:00:04 messageHandle.go:90: S1N0 : received the Prepare ...
S1N0: 2023/06/08 16:00:04 messageHandle.go:90: S1N0 : received the Prepare ...
S1N0: 2023/06/08 16:00:04 messageHandle.go:121: S1N0 : is going to commit
S1N0: 2023/06/08 16:00:04 messageHandle.go:135: S1N0 : commit is broadcast
S1N0: 2023/06/08 16:00:04 messageHandle.go:90: S1N0 : received the Prepare ...
S1N0: 2023/06/08 16:00:04 messageHandle.go:147: S1N0 received the Commit from ...2
S1N0: 2023/06/08 16:00:04 messageHandle.go:147: S1N0 received the Commit from ...1
S1N0: 2023/06/08 16:00:04 messageHandle.go:159: S1N0 : has received 2f + 1 commits ... 
S1N0: 2023/06/08 16:00:04 pbftInside_module.go:59: S1N0 : adding the block 42...now height = 41 
S1N0: 2023/06/08 16:00:05 pbftInside_module.go:61: S1N0 : added the block 42... 
S1N0: 2023/06/08 16:00:05 pbftInside_module.go:66: S1N0 : main node is trying to send relay txs at height = 42 
S1N0: 2023/06/08 16:00:05 pbftInside_module.go:98: S1N0 : sended relay txs to 0
S1N0: 2023/06/08 16:00:05 pbftInside_module.go:119: S1N0 : sended excuted txs
S1N0: 2023/06/08 16:00:05 messageHandle.go:189: S1N0: this round of pbft 42 is end 
S1N0: 2023/06/08 16:00:05 messageHandle.go:194: S1N0 get sequenceLock unlocked...
S1N0: 2023/06/08 16:00:05 messageHandle.go:147: S1N0 received the Commit from ...3
S1N0: 2023/06/08 16:00:05 pbftOutside_module.go:34: S1N0 : has received relay txs from shard 0, the senderSeq is 42
S1N0: 2023/06/08 16:00:05 pbftOutside_module.go:39: S1N0 : has handled relay txs msg
S1N0: 2023/06/08 16:00:09 messageHandle.go:28: S1N0 get sequenceLock locked, now trying to propose...
S1N0: 2023/06/08 16:00:09 messageHandle.go:35: S1N0 put the request into the pool ...
S1N0: 2023/06/08 16:00:09 messageHandle.go:90: S1N0 : received the Prepare ...
S1N0: 2023/06/08 16:00:09 messageHandle.go:90: S1N0 : received the Prepare ...
S1N0: 2023/06/08 16:00:09 messageHandle.go:121: S1N0 : is going to commit
S1N0: 2023/06/08 16:00:09 messageHandle.go:135: S1N0 : commit is broadcast
S1N0: 2023/06/08 16:00:09 messageHandle.go:90: S1N0 : received the Prepare ...
S1N0: 2023/06/08 16:00:09 messageHandle.go:147: S1N0 received the Commit from ...3
S1N0: 2023/06/08 16:00:09 messageHandle.go:147: S1N0 received the Commit from ...1
S1N0: 2023/06/08 16:00:09 messageHandle.go:159: S1N0 : has received 2f + 1 commits ... 
S1N0: 2023/06/08 16:00:09 pbftInside_module.go:59: S1N0 : adding the block 43...now height = 42 
S1N0: 2023/06/08 16:00:10 pbftInside_module.go:61: S1N0 : added the block 43... 
S1N0: 2023/06/08 16:00:10 pbftInside_module.go:66: S1N0 : main node is trying to send relay txs at height = 43 
S1N0: 2023/06/08 16:00:10 pbftInside_module.go:98: S1N0 : sended relay txs to 0
S1N0: 2023/06/08 16:00:10 pbftInside_module.go:119: S1N0 : sended excuted txs
S1N0: 2023/06/08 16:00:10 messageHandle.go:189: S1N0: this round of pbft 43 is end 
S1N0: 2023/06/08 16:00:10 messageHandle.go:194: S1N0 get sequenceLock unlocked...
S1N0: 2023/06/08 16:00:10 messageHandle.go:147: S1N0 received the Commit from ...2
S1N0: 2023/06/08 16:00:10 pbftOutside_module.go:34: S1N0 : has received relay txs from shard 0, the senderSeq is 43
S1N0: 2023/06/08 16:00:10 pbftOutside_module.go:39: S1N0 : has handled relay txs msg
S1N0: 2023/06/08 16:00:14 messageHandle.go:28: S1N0 get sequenceLock locked, now trying to propose...
S1N0: 2023/06/08 16:00:14 messageHandle.go:35: S1N0 put the request into the pool ...
S1N0: 2023/06/08 16:00:14 messageHandle.go:90: S1N0 : received the Prepare ...
S1N0: 2023/06/08 16:00:14 messageHandle.go:90: S1N0 : received the Prepare ...
S1N0: 2023/06/08 16:00:14 messageHandle.go:121: S1N0 : is going to commit
S1N0: 2023/06/08 16:00:14 messageHandle.go:135: S1N0 : commit is broadcast
S1N0: 2023/06/08 16:00:14 messageHandle.go:90: S1N0 : received the Prepare ...
S1N0: 2023/06/08 16:00:14 messageHandle.go:147: S1N0 received the Commit from ...1
S1N0: 2023/06/08 16:00:14 messageHandle.go:147: S1N0 received the Commit from ...2
S1N0: 2023/06/08 16:00:14 messageHandle.go:159: S1N0 : has received 2f + 1 commits ... 
S1N0: 2023/06/08 16:00:14 pbftInside_module.go:59: S1N0 : adding the block 44...now height = 43 
S1N0: 2023/06/08 16:00:14 pbftInside_module.go:61: S1N0 : added the block 44... 
S1N0: 2023/06/08 16:00:14 pbftInside_module.go:66: S1N0 : main node is trying to send relay txs at height = 44 
S1N0: 2023/06/08 16:00:14 pbftInside_module.go:98: S1N0 : sended relay txs to 0
S1N0: 2023/06/08 16:00:14 pbftInside_module.go:119: S1N0 : sended excuted txs
S1N0: 2023/06/08 16:00:14 messageHandle.go:189: S1N0: this round of pbft 44 is end 
S1N0: 2023/06/08 16:00:14 messageHandle.go:194: S1N0 get sequenceLock unlocked...
S1N0: 2023/06/08 16:00:14 messageHandle.go:147: S1N0 received the Commit from ...3
S1N0: 2023/06/08 16:00:15 pbftOutside_module.go:34: S1N0 : has received relay txs from shard 0, the senderSeq is 44
S1N0: 2023/06/08 16:00:15 pbftOutside_module.go:39: S1N0 : has handled relay txs msg
S1N0: 2023/06/08 16:00:19 messageHandle.go:28: S1N0 get sequenceLock locked, now trying to propose...
S1N0: 2023/06/08 16:00:19 messageHandle.go:35: S1N0 put the request into the pool ...
S1N0: 2023/06/08 16:00:19 messageHandle.go:90: S1N0 : received the Prepare ...
S1N0: 2023/06/08 16:00:19 messageHandle.go:90: S1N0 : received the Prepare ...
S1N0: 2023/06/08 16:00:19 messageHandle.go:121: S1N0 : is going to commit
S1N0: 2023/06/08 16:00:19 messageHandle.go:135: S1N0 : commit is broadcast
S1N0: 2023/06/08 16:00:19 messageHandle.go:90: S1N0 : received the Prepare ...
S1N0: 2023/06/08 16:00:19 messageHandle.go:147: S1N0 received the Commit from ...1
S1N0: 2023/06/08 16:00:19 messageHandle.go:147: S1N0 received the Commit from ...3
S1N0: 2023/06/08 16:00:19 messageHandle.go:159: S1N0 : has received 2f + 1 commits ... 
S1N0: 2023/06/08 16:00:19 pbftInside_module.go:59: S1N0 : adding the block 45...now height = 44 
S1N0: 2023/06/08 16:00:19 pbftInside_module.go:61: S1N0 : added the block 45... 
S1N0: 2023/06/08 16:00:19 pbftInside_module.go:66: S1N0 : main node is trying to send relay txs at height = 45 
S1N0: 2023/06/08 16:00:19 pbftInside_module.go:98: S1N0 : sended relay txs to 0
S1N0: 2023/06/08 16:00:19 pbftInside_module.go:119: S1N0 : sended excuted txs
S1N0: 2023/06/08 16:00:19 messageHandle.go:189: S1N0: this round of pbft 45 is end 
S1N0: 2023/06/08 16:00:19 messageHandle.go:194: S1N0 get sequenceLock unlocked...
S1N0: 2023/06/08 16:00:19 messageHandle.go:147: S1N0 received the Commit from ...2
S1N0: 2023/06/08 16:00:24 messageHandle.go:28: S1N0 get sequenceLock locked, now trying to propose...
S1N0: 2023/06/08 16:00:24 messageHandle.go:35: S1N0 put the request into the pool ...
S1N0: 2023/06/08 16:00:24 messageHandle.go:21: S1N0 stop...
